mode: set
github.com/mhmdiamd/go-social-service/domain/event-demographics/entity.go:29.110,38.31 2 1
github.com/mhmdiamd/go-social-service/domain/event-demographics/entity.go:38.31,40.4 1 1
github.com/mhmdiamd/go-social-service/domain/event-demographics/entity.go:42.3,42.16 1 1
github.com/mhmdiamd/go-social-service/domain/event-demographics/entity.go:45.100,55.23 2 1
github.com/mhmdiamd/go-social-service/domain/event-demographics/entity.go:55.23,57.4 1 1
github.com/mhmdiamd/go-social-service/domain/event-demographics/entity.go:59.3,59.31 1 1
github.com/mhmdiamd/go-social-service/domain/event-demographics/entity.go:59.31,61.4 1 1
github.com/mhmdiamd/go-social-service/domain/event-demographics/entity.go:63.3,63.16 1 1
github.com/mhmdiamd/go-social-service/domain/event-demographics/entity.go:66.57,67.41 1 1
github.com/mhmdiamd/go-social-service/domain/event-demographics/entity.go:67.41,69.4 1 1
github.com/mhmdiamd/go-social-service/domain/event-demographics/entity.go:71.3,71.40 1 1
github.com/mhmdiamd/go-social-service/domain/event-demographics/entity.go:71.40,73.4 1 1
github.com/mhmdiamd/go-social-service/domain/event-demographics/entity.go:75.3,75.43 1 1
github.com/mhmdiamd/go-social-service/domain/event-demographics/entity.go:75.43,77.4 1 1
github.com/mhmdiamd/go-social-service/domain/event-demographics/entity.go:79.3,79.9 1 1
github.com/mhmdiamd/go-social-service/domain/event-demographics/entity.go:82.61,83.19 1 1
github.com/mhmdiamd/go-social-service/domain/event-demographics/entity.go:83.19,85.4 1 1
github.com/mhmdiamd/go-social-service/domain/event-demographics/entity.go:87.3,87.9 1 1
github.com/mhmdiamd/go-social-service/domain/event-demographics/entity.go:90.63,93.43 2 1
github.com/mhmdiamd/go-social-service/domain/event-demographics/entity.go:93.43,95.4 1 1
github.com/mhmdiamd/go-social-service/domain/event-demographics/entity.go:97.3,97.9 1 1
github.com/mhmdiamd/go-social-service/domain/event-demographics/entity.go:100.60,101.22 1 1
github.com/mhmdiamd/go-social-service/domain/event-demographics/entity.go:101.22,103.4 1 1
github.com/mhmdiamd/go-social-service/domain/event-demographics/entity.go:105.3,105.21 1 1
github.com/mhmdiamd/go-social-service/domain/event-demographics/entity.go:105.21,107.4 1 1
github.com/mhmdiamd/go-social-service/domain/event-demographics/entity.go:109.3,109.22 1 1
github.com/mhmdiamd/go-social-service/domain/event-demographics/entity.go:109.22,111.4 1 1
github.com/mhmdiamd/go-social-service/domain/event-demographics/entity.go:113.3,113.28 1 1
github.com/mhmdiamd/go-social-service/domain/event-demographics/entity.go:113.28,115.4 1 1
github.com/mhmdiamd/go-social-service/domain/event-demographics/entity.go:117.3,117.20 1 1
github.com/mhmdiamd/go-social-service/domain/event-demographics/entity.go:117.20,119.4 1 1
github.com/mhmdiamd/go-social-service/domain/event-demographics/entity.go:121.3,121.9 1 1
github.com/mhmdiamd/go-social-service/domain/event-demographics/entity.go:124.59,125.16 1 1
github.com/mhmdiamd/go-social-service/domain/event-demographics/entity.go:125.16,127.4 1 0
github.com/mhmdiamd/go-social-service/domain/event-demographics/entity.go:129.3,129.9 1 1
github.com/mhmdiamd/go-social-service/domain/event-demographics/entity.go:133.83,136.42 2 1
github.com/mhmdiamd/go-social-service/domain/event-demographics/entity.go:136.42,137.15 1 1
github.com/mhmdiamd/go-social-service/domain/event-demographics/entity.go:137.15,139.6 1 1
github.com/mhmdiamd/go-social-service/domain/event-demographics/entity.go:139.10,141.6 1 1
github.com/mhmdiamd/go-social-service/domain/event-demographics/entity.go:144.3,144.27 1 1
github.com/mhmdiamd/go-social-service/domain/event-demographics/entity.go:147.84,149.2 1 1
github.com/mhmdiamd/go-social-service/domain/event-demographics/repository.go:15.44,19.2 1 1
github.com/mhmdiamd/go-social-service/domain/event-demographics/repository.go:21.93,32.17 3 1
github.com/mhmdiamd/go-social-service/domain/event-demographics/repository.go:32.17,34.4 1 0
github.com/mhmdiamd/go-social-service/domain/event-demographics/repository.go:36.3,37.17 2 1
github.com/mhmdiamd/go-social-service/domain/event-demographics/repository.go:37.17,39.4 1 0
github.com/mhmdiamd/go-social-service/domain/event-demographics/repository.go:41.3,41.9 1 1
github.com/mhmdiamd/go-social-service/domain/event-demographics/repository.go:44.96,53.17 3 1
github.com/mhmdiamd/go-social-service/domain/event-demographics/repository.go:53.17,55.4 1 0
github.com/mhmdiamd/go-social-service/domain/event-demographics/repository.go:57.3,58.17 2 1
github.com/mhmdiamd/go-social-service/domain/event-demographics/repository.go:58.17,60.4 1 0
github.com/mhmdiamd/go-social-service/domain/event-demographics/repository.go:62.3,62.9 1 1
github.com/mhmdiamd/go-social-service/domain/event-demographics/repository.go:65.95,75.17 3 1
github.com/mhmdiamd/go-social-service/domain/event-demographics/repository.go:75.17,76.29 1 0
github.com/mhmdiamd/go-social-service/domain/event-demographics/repository.go:76.29,78.6 1 0
github.com/mhmdiamd/go-social-service/domain/event-demographics/repository.go:80.5,80.11 1 0
github.com/mhmdiamd/go-social-service/domain/event-demographics/repository.go:83.3,83.9 1 1
github.com/mhmdiamd/go-social-service/domain/event-demographics/repository.go:86.100,96.17 3 1
github.com/mhmdiamd/go-social-service/domain/event-demographics/repository.go:96.17,97.29 1 1
github.com/mhmdiamd/go-social-service/domain/event-demographics/repository.go:97.29,99.6 1 1
github.com/mhmdiamd/go-social-service/domain/event-demographics/repository.go:101.5,101.11 1 1
github.com/mhmdiamd/go-social-service/domain/event-demographics/repository.go:104.3,104.9 1 1
github.com/mhmdiamd/go-social-service/domain/event-demographics/repository.go:107.72,114.17 3 0
github.com/mhmdiamd/go-social-service/domain/event-demographics/repository.go:114.17,116.4 1 0
github.com/mhmdiamd/go-social-service/domain/event-demographics/repository.go:118.3,119.17 2 0
github.com/mhmdiamd/go-social-service/domain/event-demographics/repository.go:119.17,121.4 1 0
github.com/mhmdiamd/go-social-service/domain/event-demographics/repository.go:123.3,123.9 1 0
github.com/mhmdiamd/go-social-service/domain/event-demographics/response.go:12.105,23.30 2 1
github.com/mhmdiamd/go-social-service/domain/event-demographics/response.go:23.30,25.4 1 1
github.com/mhmdiamd/go-social-service/domain/event-demographics/response.go:27.3,27.18 1 1
github.com/mhmdiamd/go-social-service/domain/event-demographics/response.go:30.113,33.32 2 1
github.com/mhmdiamd/go-social-service/domain/event-demographics/response.go:33.32,36.31 2 1
github.com/mhmdiamd/go-social-service/domain/event-demographics/response.go:36.31,38.6 1 1
github.com/mhmdiamd/go-social-service/domain/event-demographics/response.go:40.5,40.44 1 1
github.com/mhmdiamd/go-social-service/domain/event-demographics/response.go:43.3,43.19 1 1
github.com/mhmdiamd/go-social-service/domain/event-demographics/service.go:21.42,25.2 1 1
github.com/mhmdiamd/go-social-service/domain/event-demographics/service.go:27.115,33.59 2 1
github.com/mhmdiamd/go-social-service/domain/event-demographics/service.go:33.59,35.4 1 1
github.com/mhmdiamd/go-social-service/domain/event-demographics/service.go:38.3,42.17 3 1
github.com/mhmdiamd/go-social-service/domain/event-demographics/service.go:42.17,44.4 1 0
github.com/mhmdiamd/go-social-service/domain/event-demographics/service.go:46.3,46.9 1 1
github.com/mhmdiamd/go-social-service/domain/event-demographics/service.go:49.136,52.59 2 1
github.com/mhmdiamd/go-social-service/domain/event-demographics/service.go:52.59,54.4 1 1
github.com/mhmdiamd/go-social-service/domain/event-demographics/service.go:56.3,56.61 1 1
github.com/mhmdiamd/go-social-service/domain/event-demographics/service.go:56.61,58.4 1 0
github.com/mhmdiamd/go-social-service/domain/event-demographics/service.go:61.3,62.17 2 1
github.com/mhmdiamd/go-social-service/domain/event-demographics/service.go:62.17,64.4 1 0
github.com/mhmdiamd/go-social-service/domain/event-demographics/service.go:67.3,68.17 2 1
github.com/mhmdiamd/go-social-service/domain/event-demographics/service.go:68.17,70.4 1 0
github.com/mhmdiamd/go-social-service/domain/event-demographics/service.go:72.3,72.9 1 1
github.com/mhmdiamd/go-social-service/domain/event-demographics/service.go:75.104,78.17 2 1
github.com/mhmdiamd/go-social-service/domain/event-demographics/service.go:78.17,80.4 1 1
github.com/mhmdiamd/go-social-service/domain/event-demographics/service.go:83.3,85.9 2 1
github.com/mhmdiamd/go-social-service/domain/event-demographics/service.go:88.129,92.17 2 1
github.com/mhmdiamd/go-social-service/domain/event-demographics/service.go:92.17,93.36 1 0
github.com/mhmdiamd/go-social-service/domain/event-demographics/service.go:93.36,95.6 1 0
github.com/mhmdiamd/go-social-service/domain/event-demographics/service.go:97.5,97.11 1 0
github.com/mhmdiamd/go-social-service/domain/event-demographics/service.go:100.3,100.23 1 1
github.com/mhmdiamd/go-social-service/domain/event-demographics/service.go:100.23,102.4 1 0
github.com/mhmdiamd/go-social-service/domain/event-demographics/service.go:104.3,106.9 2 1
