mode: set
github.com/mhmdiamd/go-social-service/domain/auth/base.go:8.45,14.2 5 0
github.com/mhmdiamd/go-social-service/domain/auth/base.go:14.2,19.3 4 0
github.com/mhmdiamd/go-social-service/domain/auth/entity.go:38.71,48.2 1 1
github.com/mhmdiamd/go-social-service/domain/auth/entity.go:50.65,55.2 1 1
github.com/mhmdiamd/go-social-service/domain/auth/entity.go:57.44,59.40 1 1
github.com/mhmdiamd/go-social-service/domain/auth/entity.go:59.40,61.3 1 1
github.com/mhmdiamd/go-social-service/domain/auth/entity.go:63.2,63.44 1 1
github.com/mhmdiamd/go-social-service/domain/auth/entity.go:63.44,65.3 1 1
github.com/mhmdiamd/go-social-service/domain/auth/entity.go:67.2,67.56 1 1
github.com/mhmdiamd/go-social-service/domain/auth/entity.go:67.56,69.3 1 1
github.com/mhmdiamd/go-social-service/domain/auth/entity.go:71.2,71.43 1 1
github.com/mhmdiamd/go-social-service/domain/auth/entity.go:71.43,73.3 1 0
github.com/mhmdiamd/go-social-service/domain/auth/entity.go:75.2,75.8 1 1
github.com/mhmdiamd/go-social-service/domain/auth/entity.go:78.56,80.41 1 1
github.com/mhmdiamd/go-social-service/domain/auth/entity.go:80.41,82.3 1 0
github.com/mhmdiamd/go-social-service/domain/auth/entity.go:84.2,84.44 1 1
github.com/mhmdiamd/go-social-service/domain/auth/entity.go:84.44,86.3 1 0
github.com/mhmdiamd/go-social-service/domain/auth/entity.go:88.2,88.8 1 1
github.com/mhmdiamd/go-social-service/domain/auth/entity.go:91.49,92.19 1 1
github.com/mhmdiamd/go-social-service/domain/auth/entity.go:92.19,94.3 1 0
github.com/mhmdiamd/go-social-service/domain/auth/entity.go:96.2,96.43 1 1
github.com/mhmdiamd/go-social-service/domain/auth/entity.go:96.43,98.3 1 0
github.com/mhmdiamd/go-social-service/domain/auth/entity.go:100.2,100.8 1 1
github.com/mhmdiamd/go-social-service/domain/auth/entity.go:103.48,104.18 1 1
github.com/mhmdiamd/go-social-service/domain/auth/entity.go:104.18,106.3 1 1
github.com/mhmdiamd/go-social-service/domain/auth/entity.go:108.2,108.21 1 1
github.com/mhmdiamd/go-social-service/domain/auth/entity.go:108.21,110.3 1 1
github.com/mhmdiamd/go-social-service/domain/auth/entity.go:112.2,112.8 1 1
github.com/mhmdiamd/go-social-service/domain/auth/entity.go:115.52,116.22 1 1
github.com/mhmdiamd/go-social-service/domain/auth/entity.go:116.22,118.3 1 1
github.com/mhmdiamd/go-social-service/domain/auth/entity.go:120.2,120.25 1 1
github.com/mhmdiamd/go-social-service/domain/auth/entity.go:120.25,122.3 1 1
github.com/mhmdiamd/go-social-service/domain/auth/entity.go:124.2,124.8 1 1
github.com/mhmdiamd/go-social-service/domain/auth/entity.go:127.64,128.34 1 1
github.com/mhmdiamd/go-social-service/domain/auth/entity.go:128.34,130.3 1 1
github.com/mhmdiamd/go-social-service/domain/auth/entity.go:132.2,132.37 1 1
github.com/mhmdiamd/go-social-service/domain/auth/entity.go:132.37,134.3 1 1
github.com/mhmdiamd/go-social-service/domain/auth/entity.go:136.2,136.42 1 1
github.com/mhmdiamd/go-social-service/domain/auth/entity.go:136.42,138.3 1 1
github.com/mhmdiamd/go-social-service/domain/auth/entity.go:140.2,140.8 1 1
github.com/mhmdiamd/go-social-service/domain/auth/entity.go:143.51,145.38 1 1
github.com/mhmdiamd/go-social-service/domain/auth/entity.go:145.38,147.3 1 0
github.com/mhmdiamd/go-social-service/domain/auth/entity.go:149.2,149.8 1 1
github.com/mhmdiamd/go-social-service/domain/auth/entity.go:152.37,154.2 1 0
github.com/mhmdiamd/go-social-service/domain/auth/entity.go:156.77,158.16 2 0
github.com/mhmdiamd/go-social-service/domain/auth/entity.go:158.16,160.3 1 0
github.com/mhmdiamd/go-social-service/domain/auth/entity.go:162.2,164.8 2 0
github.com/mhmdiamd/go-social-service/domain/auth/entity.go:167.75,169.2 1 1
github.com/mhmdiamd/go-social-service/domain/auth/entity.go:171.82,173.2 1 1
github.com/mhmdiamd/go-social-service/domain/auth/entity_otp.go:24.48,39.2 3 1
github.com/mhmdiamd/go-social-service/domain/auth/entity_otp.go:41.44,43.42 1 1
github.com/mhmdiamd/go-social-service/domain/auth/entity_otp.go:43.42,45.4 1 1
github.com/mhmdiamd/go-social-service/domain/auth/entity_otp.go:47.2,47.39 1 1
github.com/mhmdiamd/go-social-service/domain/auth/entity_otp.go:47.39,49.4 1 1
github.com/mhmdiamd/go-social-service/domain/auth/entity_otp.go:51.3,51.9 1 1
github.com/mhmdiamd/go-social-service/domain/auth/entity_otp.go:54.49,56.20 1 1
github.com/mhmdiamd/go-social-service/domain/auth/entity_otp.go:56.20,58.4 1 1
github.com/mhmdiamd/go-social-service/domain/auth/entity_otp.go:60.3,60.44 1 1
github.com/mhmdiamd/go-social-service/domain/auth/entity_otp.go:60.44,62.4 1 1
github.com/mhmdiamd/go-social-service/domain/auth/entity_otp.go:64.3,64.9 1 1
github.com/mhmdiamd/go-social-service/domain/auth/entity_otp.go:67.47,69.18 1 1
github.com/mhmdiamd/go-social-service/domain/auth/entity_otp.go:69.18,71.4 1 1
github.com/mhmdiamd/go-social-service/domain/auth/entity_otp.go:73.3,73.22 1 1
github.com/mhmdiamd/go-social-service/domain/auth/entity_otp.go:73.22,75.4 1 0
github.com/mhmdiamd/go-social-service/domain/auth/entity_otp.go:77.3,77.9 1 1
github.com/mhmdiamd/go-social-service/domain/auth/entity_otp.go:80.38,82.2 1 0
github.com/mhmdiamd/go-social-service/domain/auth/handler.go:15.38,19.2 1 0
github.com/mhmdiamd/go-social-service/domain/auth/handler.go:21.48,24.45 2 0
github.com/mhmdiamd/go-social-service/domain/auth/handler.go:24.45,30.3 1 0
github.com/mhmdiamd/go-social-service/domain/auth/handler.go:32.2,32.62 1 0
github.com/mhmdiamd/go-social-service/domain/auth/handler.go:32.62,35.10 2 0
github.com/mhmdiamd/go-social-service/domain/auth/handler.go:35.10,37.4 1 0
github.com/mhmdiamd/go-social-service/domain/auth/handler.go:39.3,42.14 1 0
github.com/mhmdiamd/go-social-service/domain/auth/handler.go:45.2,48.13 1 0
github.com/mhmdiamd/go-social-service/domain/auth/handler.go:51.50,54.45 2 0
github.com/mhmdiamd/go-social-service/domain/auth/handler.go:54.45,60.3 1 0
github.com/mhmdiamd/go-social-service/domain/auth/handler.go:62.2,63.16 2 0
github.com/mhmdiamd/go-social-service/domain/auth/handler.go:63.16,66.10 2 0
github.com/mhmdiamd/go-social-service/domain/auth/handler.go:66.10,68.4 1 0
github.com/mhmdiamd/go-social-service/domain/auth/handler.go:70.3,73.14 1 0
github.com/mhmdiamd/go-social-service/domain/auth/handler.go:76.2,82.13 1 0
github.com/mhmdiamd/go-social-service/domain/auth/handler.go:85.49,90.45 2 0
github.com/mhmdiamd/go-social-service/domain/auth/handler.go:90.45,99.3 2 0
github.com/mhmdiamd/go-social-service/domain/auth/handler.go:102.2,102.63 1 0
github.com/mhmdiamd/go-social-service/domain/auth/handler.go:102.63,105.10 2 0
github.com/mhmdiamd/go-social-service/domain/auth/handler.go:105.10,107.4 1 0
github.com/mhmdiamd/go-social-service/domain/auth/handler.go:109.3,112.14 1 0
github.com/mhmdiamd/go-social-service/domain/auth/handler.go:116.2,119.13 1 0
github.com/mhmdiamd/go-social-service/domain/auth/handler.go:122.46,126.45 2 0
github.com/mhmdiamd/go-social-service/domain/auth/handler.go:126.45,133.3 2 0
github.com/mhmdiamd/go-social-service/domain/auth/handler.go:136.2,137.16 2 0
github.com/mhmdiamd/go-social-service/domain/auth/handler.go:137.16,140.10 2 0
github.com/mhmdiamd/go-social-service/domain/auth/handler.go:140.10,142.4 1 0
github.com/mhmdiamd/go-social-service/domain/auth/handler.go:144.3,147.14 1 0
github.com/mhmdiamd/go-social-service/domain/auth/handler.go:150.2,156.13 1 0
github.com/mhmdiamd/go-social-service/domain/auth/repository.go:16.44,20.2 1 1
github.com/mhmdiamd/go-social-service/domain/auth/repository.go:22.83,33.16 3 0
github.com/mhmdiamd/go-social-service/domain/auth/repository.go:33.16,35.3 1 0
github.com/mhmdiamd/go-social-service/domain/auth/repository.go:37.2,41.8 3 0
github.com/mhmdiamd/go-social-service/domain/auth/repository.go:44.101,54.16 3 1
github.com/mhmdiamd/go-social-service/domain/auth/repository.go:54.16,55.27 1 1
github.com/mhmdiamd/go-social-service/domain/auth/repository.go:55.27,58.4 2 1
github.com/mhmdiamd/go-social-service/domain/auth/repository.go:61.2,61.8 1 1
github.com/mhmdiamd/go-social-service/domain/auth/repository.go:64.81,75.16 3 0
github.com/mhmdiamd/go-social-service/domain/auth/repository.go:75.16,77.3 1 0
github.com/mhmdiamd/go-social-service/domain/auth/repository.go:79.2,81.16 2 0
github.com/mhmdiamd/go-social-service/domain/auth/repository.go:81.16,83.3 1 0
github.com/mhmdiamd/go-social-service/domain/auth/repository.go:85.2,87.8 2 0
github.com/mhmdiamd/go-social-service/domain/auth/repository.go:90.102,100.16 3 1
github.com/mhmdiamd/go-social-service/domain/auth/repository.go:100.16,101.27 1 0
github.com/mhmdiamd/go-social-service/domain/auth/repository.go:101.27,104.4 2 0
github.com/mhmdiamd/go-social-service/domain/auth/repository.go:107.2,107.8 1 1
github.com/mhmdiamd/go-social-service/domain/auth/repository.go:110.114,121.16 3 0
github.com/mhmdiamd/go-social-service/domain/auth/repository.go:121.16,122.27 1 0
github.com/mhmdiamd/go-social-service/domain/auth/repository.go:122.27,125.4 2 0
github.com/mhmdiamd/go-social-service/domain/auth/repository.go:127.3,127.9 1 0
github.com/mhmdiamd/go-social-service/domain/auth/repository.go:130.2,130.8 1 0
github.com/mhmdiamd/go-social-service/domain/auth/repository.go:133.126,144.16 3 1
github.com/mhmdiamd/go-social-service/domain/auth/repository.go:144.16,145.27 1 1
github.com/mhmdiamd/go-social-service/domain/auth/repository.go:145.27,148.4 2 1
github.com/mhmdiamd/go-social-service/domain/auth/repository.go:150.3,150.9 1 0
github.com/mhmdiamd/go-social-service/domain/auth/repository.go:153.2,153.8 1 0
github.com/mhmdiamd/go-social-service/domain/auth/repository.go:156.86,164.16 3 0
github.com/mhmdiamd/go-social-service/domain/auth/repository.go:164.16,166.3 1 0
github.com/mhmdiamd/go-social-service/domain/auth/repository.go:168.2,168.8 1 0
github.com/mhmdiamd/go-social-service/domain/auth/repository.go:171.85,179.16 3 0
github.com/mhmdiamd/go-social-service/domain/auth/repository.go:179.16,181.3 1 0
github.com/mhmdiamd/go-social-service/domain/auth/repository.go:183.2,183.8 1 0
github.com/mhmdiamd/go-social-service/domain/auth/repository.go:186.80,194.16 3 0
github.com/mhmdiamd/go-social-service/domain/auth/repository.go:194.16,196.3 1 0
github.com/mhmdiamd/go-social-service/domain/auth/repository.go:198.2,198.8 1 0
github.com/mhmdiamd/go-social-service/domain/auth/service.go:34.42,38.2 1 1
github.com/mhmdiamd/go-social-service/domain/auth/service.go:40.88,45.45 2 1
github.com/mhmdiamd/go-social-service/domain/auth/service.go:45.45,47.3 1 1
github.com/mhmdiamd/go-social-service/domain/auth/service.go:50.2,51.16 2 0
github.com/mhmdiamd/go-social-service/domain/auth/service.go:51.16,52.34 1 0
github.com/mhmdiamd/go-social-service/domain/auth/service.go:52.34,54.4 1 0
github.com/mhmdiamd/go-social-service/domain/auth/service.go:56.3,56.9 1 0
github.com/mhmdiamd/go-social-service/domain/auth/service.go:60.2,60.25 1 0
github.com/mhmdiamd/go-social-service/domain/auth/service.go:60.25,62.3 1 0
github.com/mhmdiamd/go-social-service/domain/auth/service.go:65.2,65.101 1 0
github.com/mhmdiamd/go-social-service/domain/auth/service.go:65.101,67.3 1 0
github.com/mhmdiamd/go-social-service/domain/auth/service.go:70.2,75.43 3 0
github.com/mhmdiamd/go-social-service/domain/auth/service.go:78.96,82.57 2 1
github.com/mhmdiamd/go-social-service/domain/auth/service.go:82.57,84.3 1 0
github.com/mhmdiamd/go-social-service/domain/auth/service.go:87.2,88.16 2 1
github.com/mhmdiamd/go-social-service/domain/auth/service.go:88.16,89.34 1 1
github.com/mhmdiamd/go-social-service/domain/auth/service.go:89.34,91.4 1 1
github.com/mhmdiamd/go-social-service/domain/auth/service.go:93.3,93.9 1 1
github.com/mhmdiamd/go-social-service/domain/auth/service.go:97.2,97.74 1 1
github.com/mhmdiamd/go-social-service/domain/auth/service.go:97.74,99.3 1 1
github.com/mhmdiamd/go-social-service/domain/auth/service.go:101.2,103.8 2 1
github.com/mhmdiamd/go-social-service/domain/auth/service.go:106.86,116.16 4 1
github.com/mhmdiamd/go-social-service/domain/auth/service.go:116.16,119.3 2 0
github.com/mhmdiamd/go-social-service/domain/auth/service.go:122.3,123.17 2 1
github.com/mhmdiamd/go-social-service/domain/auth/service.go:123.17,126.4 2 0
github.com/mhmdiamd/go-social-service/domain/auth/service.go:128.3,128.23 1 1
github.com/mhmdiamd/go-social-service/domain/auth/service.go:128.23,132.4 3 1
github.com/mhmdiamd/go-social-service/domain/auth/service.go:135.2,139.35 3 0
github.com/mhmdiamd/go-social-service/domain/auth/service.go:139.35,141.3 1 0
github.com/mhmdiamd/go-social-service/domain/auth/service.go:143.2,143.35 1 0
github.com/mhmdiamd/go-social-service/domain/auth/service.go:143.35,144.51 1 0
github.com/mhmdiamd/go-social-service/domain/auth/service.go:144.51,146.4 1 0
github.com/mhmdiamd/go-social-service/domain/auth/service.go:150.2,164.16 5 0
github.com/mhmdiamd/go-social-service/domain/auth/service.go:164.16,166.3 1 0
github.com/mhmdiamd/go-social-service/domain/auth/service.go:169.2,170.16 2 0
github.com/mhmdiamd/go-social-service/domain/auth/service.go:170.16,172.3 1 0
github.com/mhmdiamd/go-social-service/domain/auth/service.go:175.2,176.16 2 0
github.com/mhmdiamd/go-social-service/domain/auth/service.go:176.16,178.3 1 0
github.com/mhmdiamd/go-social-service/domain/auth/service.go:180.2,180.8 1 0
github.com/mhmdiamd/go-social-service/domain/auth/service.go:183.105,187.44 2 1
github.com/mhmdiamd/go-social-service/domain/auth/service.go:187.44,189.3 1 0
github.com/mhmdiamd/go-social-service/domain/auth/service.go:191.2,192.16 2 1
github.com/mhmdiamd/go-social-service/domain/auth/service.go:192.16,193.34 1 1
github.com/mhmdiamd/go-social-service/domain/auth/service.go:193.34,196.4 2 1
github.com/mhmdiamd/go-social-service/domain/auth/service.go:199.2,204.8 3 0
github.com/mhmdiamd/go-social-service/domain/auth/service.go:207.76,210.16 2 0
github.com/mhmdiamd/go-social-service/domain/auth/service.go:210.16,213.3 2 0
github.com/mhmdiamd/go-social-service/domain/auth/service.go:215.2,215.8 1 0
