mode: set
github.com/mhmdiamd/go-social-service/domain/category-community/entity.go:15.70,21.2 1 1
github.com/mhmdiamd/go-social-service/domain/category-community/entity.go:23.58,25.41 1 1
github.com/mhmdiamd/go-social-service/domain/category-community/entity.go:25.41,27.4 1 1
github.com/mhmdiamd/go-social-service/domain/category-community/entity.go:29.3,29.9 1 1
github.com/mhmdiamd/go-social-service/domain/category-community/entity.go:32.62,33.19 1 1
github.com/mhmdiamd/go-social-service/domain/category-community/entity.go:33.19,35.4 1 1
github.com/mhmdiamd/go-social-service/domain/category-community/entity.go:37.3,37.9 1 1
