mode: set
github.com/mhmdiamd/go-social-service/domain/auth/base.go:8.45,14.3 5 0
github.com/mhmdiamd/go-social-service/domain/auth/base.go:14.3,17.4 2 0
github.com/mhmdiamd/go-social-service/domain/auth/entity.go:38.71,48.2 1 1
github.com/mhmdiamd/go-social-service/domain/auth/entity.go:50.65,55.2 1 1
github.com/mhmdiamd/go-social-service/domain/auth/entity.go:57.44,59.41 1 1
github.com/mhmdiamd/go-social-service/domain/auth/entity.go:59.41,61.4 1 1
github.com/mhmdiamd/go-social-service/domain/auth/entity.go:63.3,63.45 1 1
github.com/mhmdiamd/go-social-service/domain/auth/entity.go:63.45,65.4 1 1
github.com/mhmdiamd/go-social-service/domain/auth/entity.go:67.3,67.57 1 1
github.com/mhmdiamd/go-social-service/domain/auth/entity.go:67.57,69.4 1 1
github.com/mhmdiamd/go-social-service/domain/auth/entity.go:71.3,71.44 1 1
github.com/mhmdiamd/go-social-service/domain/auth/entity.go:71.44,73.4 1 0
github.com/mhmdiamd/go-social-service/domain/auth/entity.go:75.3,75.9 1 1
github.com/mhmdiamd/go-social-service/domain/auth/entity.go:78.56,80.42 1 1
github.com/mhmdiamd/go-social-service/domain/auth/entity.go:80.42,82.4 1 0
github.com/mhmdiamd/go-social-service/domain/auth/entity.go:84.3,84.45 1 1
github.com/mhmdiamd/go-social-service/domain/auth/entity.go:84.45,86.4 1 0
github.com/mhmdiamd/go-social-service/domain/auth/entity.go:88.3,88.9 1 1
github.com/mhmdiamd/go-social-service/domain/auth/entity.go:91.49,92.20 1 1
github.com/mhmdiamd/go-social-service/domain/auth/entity.go:92.20,94.4 1 0
github.com/mhmdiamd/go-social-service/domain/auth/entity.go:96.3,96.44 1 1
github.com/mhmdiamd/go-social-service/domain/auth/entity.go:96.44,98.4 1 0
github.com/mhmdiamd/go-social-service/domain/auth/entity.go:100.3,100.9 1 1
github.com/mhmdiamd/go-social-service/domain/auth/entity.go:103.48,104.19 1 1
github.com/mhmdiamd/go-social-service/domain/auth/entity.go:104.19,106.4 1 1
github.com/mhmdiamd/go-social-service/domain/auth/entity.go:108.3,108.22 1 1
github.com/mhmdiamd/go-social-service/domain/auth/entity.go:108.22,110.4 1 1
github.com/mhmdiamd/go-social-service/domain/auth/entity.go:112.3,112.9 1 1
github.com/mhmdiamd/go-social-service/domain/auth/entity.go:115.52,116.23 1 1
github.com/mhmdiamd/go-social-service/domain/auth/entity.go:116.23,118.4 1 1
github.com/mhmdiamd/go-social-service/domain/auth/entity.go:120.3,120.26 1 1
github.com/mhmdiamd/go-social-service/domain/auth/entity.go:120.26,122.4 1 1
github.com/mhmdiamd/go-social-service/domain/auth/entity.go:124.3,124.9 1 1
github.com/mhmdiamd/go-social-service/domain/auth/entity.go:128.64,129.35 1 1
github.com/mhmdiamd/go-social-service/domain/auth/entity.go:129.35,131.4 1 1
github.com/mhmdiamd/go-social-service/domain/auth/entity.go:133.3,133.38 1 1
github.com/mhmdiamd/go-social-service/domain/auth/entity.go:133.38,135.4 1 1
github.com/mhmdiamd/go-social-service/domain/auth/entity.go:137.3,137.43 1 1
github.com/mhmdiamd/go-social-service/domain/auth/entity.go:137.43,139.4 1 1
github.com/mhmdiamd/go-social-service/domain/auth/entity.go:141.3,141.9 1 1
github.com/mhmdiamd/go-social-service/domain/auth/entity.go:144.51,146.39 1 1
github.com/mhmdiamd/go-social-service/domain/auth/entity.go:146.39,148.4 1 0
github.com/mhmdiamd/go-social-service/domain/auth/entity.go:150.3,150.9 1 1
github.com/mhmdiamd/go-social-service/domain/auth/entity.go:153.37,155.2 1 0
github.com/mhmdiamd/go-social-service/domain/auth/entity.go:157.77,159.17 2 0
github.com/mhmdiamd/go-social-service/domain/auth/entity.go:159.17,161.4 1 0
github.com/mhmdiamd/go-social-service/domain/auth/entity.go:163.3,165.9 2 0
github.com/mhmdiamd/go-social-service/domain/auth/entity.go:168.75,170.2 1 1
github.com/mhmdiamd/go-social-service/domain/auth/entity.go:172.82,174.2 1 1
github.com/mhmdiamd/go-social-service/domain/auth/entity_otp.go:24.48,39.2 3 1
github.com/mhmdiamd/go-social-service/domain/auth/entity_otp.go:41.44,43.42 1 1
github.com/mhmdiamd/go-social-service/domain/auth/entity_otp.go:43.42,45.4 1 1
github.com/mhmdiamd/go-social-service/domain/auth/entity_otp.go:47.2,47.39 1 1
github.com/mhmdiamd/go-social-service/domain/auth/entity_otp.go:47.39,49.4 1 1
github.com/mhmdiamd/go-social-service/domain/auth/entity_otp.go:51.3,51.9 1 1
github.com/mhmdiamd/go-social-service/domain/auth/entity_otp.go:54.49,56.20 1 1
github.com/mhmdiamd/go-social-service/domain/auth/entity_otp.go:56.20,58.4 1 1
github.com/mhmdiamd/go-social-service/domain/auth/entity_otp.go:60.3,60.44 1 1
github.com/mhmdiamd/go-social-service/domain/auth/entity_otp.go:60.44,62.4 1 1
github.com/mhmdiamd/go-social-service/domain/auth/entity_otp.go:64.3,64.9 1 1
github.com/mhmdiamd/go-social-service/domain/auth/entity_otp.go:67.47,69.18 1 1
github.com/mhmdiamd/go-social-service/domain/auth/entity_otp.go:69.18,71.4 1 1
github.com/mhmdiamd/go-social-service/domain/auth/entity_otp.go:73.3,73.22 1 1
github.com/mhmdiamd/go-social-service/domain/auth/entity_otp.go:73.22,75.4 1 0
github.com/mhmdiamd/go-social-service/domain/auth/entity_otp.go:77.3,77.9 1 1
github.com/mhmdiamd/go-social-service/domain/auth/entity_otp.go:80.38,82.2 1 0
github.com/mhmdiamd/go-social-service/domain/auth/handler.go:16.38,20.2 1 0
github.com/mhmdiamd/go-social-service/domain/auth/handler.go:22.49,27.46 2 0
github.com/mhmdiamd/go-social-service/domain/auth/handler.go:27.46,36.4 2 0
github.com/mhmdiamd/go-social-service/domain/auth/handler.go:39.3,39.64 1 0
github.com/mhmdiamd/go-social-service/domain/auth/handler.go:39.64,42.12 2 0
github.com/mhmdiamd/go-social-service/domain/auth/handler.go:42.12,44.6 1 0
github.com/mhmdiamd/go-social-service/domain/auth/handler.go:46.5,49.16 1 0
github.com/mhmdiamd/go-social-service/domain/auth/handler.go:53.3,56.14 1 0
github.com/mhmdiamd/go-social-service/domain/auth/handler.go:59.46,63.46 2 0
github.com/mhmdiamd/go-social-service/domain/auth/handler.go:63.46,70.4 2 0
github.com/mhmdiamd/go-social-service/domain/auth/handler.go:73.3,74.17 2 0
github.com/mhmdiamd/go-social-service/domain/auth/handler.go:74.17,77.12 2 0
github.com/mhmdiamd/go-social-service/domain/auth/handler.go:77.12,79.6 1 0
github.com/mhmdiamd/go-social-service/domain/auth/handler.go:81.5,84.16 1 0
github.com/mhmdiamd/go-social-service/domain/auth/handler.go:88.3,94.14 1 0
github.com/mhmdiamd/go-social-service/domain/auth/repository.go:16.44,20.2 1 1
github.com/mhmdiamd/go-social-service/domain/auth/repository.go:22.82,33.17 3 0
github.com/mhmdiamd/go-social-service/domain/auth/repository.go:33.17,35.4 1 0
github.com/mhmdiamd/go-social-service/domain/auth/repository.go:37.3,41.9 3 0
github.com/mhmdiamd/go-social-service/domain/auth/repository.go:44.101,54.17 3 1
github.com/mhmdiamd/go-social-service/domain/auth/repository.go:54.17,55.29 1 1
github.com/mhmdiamd/go-social-service/domain/auth/repository.go:55.29,58.6 2 1
github.com/mhmdiamd/go-social-service/domain/auth/repository.go:61.3,61.9 1 1
github.com/mhmdiamd/go-social-service/domain/auth/repository.go:64.81,75.17 3 0
github.com/mhmdiamd/go-social-service/domain/auth/repository.go:75.17,77.4 1 0
github.com/mhmdiamd/go-social-service/domain/auth/repository.go:79.3,81.17 2 0
github.com/mhmdiamd/go-social-service/domain/auth/repository.go:81.17,83.4 1 0
github.com/mhmdiamd/go-social-service/domain/auth/repository.go:85.3,87.9 2 0
github.com/mhmdiamd/go-social-service/domain/auth/repository.go:90.102,100.17 3 1
github.com/mhmdiamd/go-social-service/domain/auth/repository.go:100.17,101.29 1 0
github.com/mhmdiamd/go-social-service/domain/auth/repository.go:101.29,104.6 2 0
github.com/mhmdiamd/go-social-service/domain/auth/repository.go:107.3,107.9 1 1
github.com/mhmdiamd/go-social-service/domain/auth/repository.go:110.114,121.17 3 0
github.com/mhmdiamd/go-social-service/domain/auth/repository.go:121.17,122.29 1 0
github.com/mhmdiamd/go-social-service/domain/auth/repository.go:122.29,125.6 2 0
github.com/mhmdiamd/go-social-service/domain/auth/repository.go:127.5,127.11 1 0
github.com/mhmdiamd/go-social-service/domain/auth/repository.go:130.3,130.9 1 0
github.com/mhmdiamd/go-social-service/domain/auth/repository.go:133.126,144.17 3 1
github.com/mhmdiamd/go-social-service/domain/auth/repository.go:144.17,145.29 1 1
github.com/mhmdiamd/go-social-service/domain/auth/repository.go:145.29,148.6 2 1
github.com/mhmdiamd/go-social-service/domain/auth/repository.go:150.5,150.11 1 0
github.com/mhmdiamd/go-social-service/domain/auth/repository.go:153.3,153.9 1 0
github.com/mhmdiamd/go-social-service/domain/auth/repository.go:156.86,164.17 3 0
github.com/mhmdiamd/go-social-service/domain/auth/repository.go:164.17,166.4 1 0
github.com/mhmdiamd/go-social-service/domain/auth/repository.go:169.3,169.9 1 0
github.com/mhmdiamd/go-social-service/domain/auth/repository.go:173.80,181.17 3 0
github.com/mhmdiamd/go-social-service/domain/auth/repository.go:181.17,183.4 1 0
github.com/mhmdiamd/go-social-service/domain/auth/repository.go:186.3,186.9 1 0
github.com/mhmdiamd/go-social-service/domain/auth/service.go:31.42,35.2 1 1
github.com/mhmdiamd/go-social-service/domain/auth/service.go:37.88,42.46 2 1
github.com/mhmdiamd/go-social-service/domain/auth/service.go:42.46,44.4 1 1
github.com/mhmdiamd/go-social-service/domain/auth/service.go:47.3,48.17 2 0
github.com/mhmdiamd/go-social-service/domain/auth/service.go:48.17,49.36 1 0
github.com/mhmdiamd/go-social-service/domain/auth/service.go:49.36,51.6 1 0
github.com/mhmdiamd/go-social-service/domain/auth/service.go:53.5,53.11 1 0
github.com/mhmdiamd/go-social-service/domain/auth/service.go:57.3,57.26 1 0
github.com/mhmdiamd/go-social-service/domain/auth/service.go:57.26,59.4 1 0
github.com/mhmdiamd/go-social-service/domain/auth/service.go:62.3,62.102 1 0
github.com/mhmdiamd/go-social-service/domain/auth/service.go:62.102,64.4 1 0
github.com/mhmdiamd/go-social-service/domain/auth/service.go:67.3,70.44 2 0
github.com/mhmdiamd/go-social-service/domain/auth/service.go:73.96,77.58 2 1
github.com/mhmdiamd/go-social-service/domain/auth/service.go:77.58,79.4 1 0
github.com/mhmdiamd/go-social-service/domain/auth/service.go:82.3,83.17 2 1
github.com/mhmdiamd/go-social-service/domain/auth/service.go:83.17,84.36 1 1
github.com/mhmdiamd/go-social-service/domain/auth/service.go:84.36,86.6 1 1
github.com/mhmdiamd/go-social-service/domain/auth/service.go:88.5,88.11 1 1
github.com/mhmdiamd/go-social-service/domain/auth/service.go:92.3,92.75 1 1
github.com/mhmdiamd/go-social-service/domain/auth/service.go:92.75,94.4 1 1
github.com/mhmdiamd/go-social-service/domain/auth/service.go:96.3,98.9 2 1
github.com/mhmdiamd/go-social-service/domain/auth/service.go:101.86,111.17 4 1
github.com/mhmdiamd/go-social-service/domain/auth/service.go:111.17,113.4 1 0
github.com/mhmdiamd/go-social-service/domain/auth/service.go:116.3,120.36 3 1
github.com/mhmdiamd/go-social-service/domain/auth/service.go:120.36,122.4 1 1
github.com/mhmdiamd/go-social-service/domain/auth/service.go:124.3,124.36 1 0
github.com/mhmdiamd/go-social-service/domain/auth/service.go:124.36,125.53 1 0
github.com/mhmdiamd/go-social-service/domain/auth/service.go:125.53,127.6 1 0
github.com/mhmdiamd/go-social-service/domain/auth/service.go:131.3,145.17 5 0
github.com/mhmdiamd/go-social-service/domain/auth/service.go:145.17,147.4 1 0
github.com/mhmdiamd/go-social-service/domain/auth/service.go:150.3,151.17 2 0
github.com/mhmdiamd/go-social-service/domain/auth/service.go:151.17,153.4 1 0
github.com/mhmdiamd/go-social-service/domain/auth/service.go:156.3,157.17 2 0
github.com/mhmdiamd/go-social-service/domain/auth/service.go:157.17,159.4 1 0
github.com/mhmdiamd/go-social-service/domain/auth/service.go:161.3,161.9 1 0
github.com/mhmdiamd/go-social-service/domain/auth/service.go:164.105,168.45 2 1
github.com/mhmdiamd/go-social-service/domain/auth/service.go:168.45,170.4 1 0
github.com/mhmdiamd/go-social-service/domain/auth/service.go:172.3,173.18 2 1
github.com/mhmdiamd/go-social-service/domain/auth/service.go:173.18,174.36 1 1
github.com/mhmdiamd/go-social-service/domain/auth/service.go:174.36,177.6 2 1
github.com/mhmdiamd/go-social-service/domain/auth/service.go:180.3,185.9 3 0
github.com/mhmdiamd/go-social-service/domain/auth/service.go:189.76,192.17 2 0
github.com/mhmdiamd/go-social-service/domain/auth/service.go:192.17,194.4 1 0
github.com/mhmdiamd/go-social-service/domain/auth/service.go:196.3,196.9 1 0
