mode: set
github.com/mhmdiamd/go-social-service/domain/event-demographics/entity.go:29.110,38.31 2 1
github.com/mhmdiamd/go-social-service/domain/event-demographics/entity.go:38.31,40.4 1 1
github.com/mhmdiamd/go-social-service/domain/event-demographics/entity.go:42.3,42.16 1 1
github.com/mhmdiamd/go-social-service/domain/event-demographics/entity.go:45.100,55.23 2 1
github.com/mhmdiamd/go-social-service/domain/event-demographics/entity.go:55.23,57.4 1 1
github.com/mhmdiamd/go-social-service/domain/event-demographics/entity.go:59.3,59.31 1 1
github.com/mhmdiamd/go-social-service/domain/event-demographics/entity.go:59.31,61.4 1 1
github.com/mhmdiamd/go-social-service/domain/event-demographics/entity.go:63.3,63.16 1 1
github.com/mhmdiamd/go-social-service/domain/event-demographics/entity.go:66.57,67.41 1 1
github.com/mhmdiamd/go-social-service/domain/event-demographics/entity.go:67.41,69.4 1 1
github.com/mhmdiamd/go-social-service/domain/event-demographics/entity.go:71.3,71.40 1 1
github.com/mhmdiamd/go-social-service/domain/event-demographics/entity.go:71.40,73.4 1 1
github.com/mhmdiamd/go-social-service/domain/event-demographics/entity.go:75.3,75.43 1 1
github.com/mhmdiamd/go-social-service/domain/event-demographics/entity.go:75.43,77.4 1 1
github.com/mhmdiamd/go-social-service/domain/event-demographics/entity.go:79.3,79.9 1 1
github.com/mhmdiamd/go-social-service/domain/event-demographics/entity.go:82.61,83.19 1 1
github.com/mhmdiamd/go-social-service/domain/event-demographics/entity.go:83.19,85.4 1 1
github.com/mhmdiamd/go-social-service/domain/event-demographics/entity.go:87.3,87.9 1 1
github.com/mhmdiamd/go-social-service/domain/event-demographics/entity.go:90.63,93.43 2 1
github.com/mhmdiamd/go-social-service/domain/event-demographics/entity.go:93.43,95.4 1 1
github.com/mhmdiamd/go-social-service/domain/event-demographics/entity.go:97.3,97.9 1 1
github.com/mhmdiamd/go-social-service/domain/event-demographics/entity.go:100.60,101.22 1 1
github.com/mhmdiamd/go-social-service/domain/event-demographics/entity.go:101.22,103.4 1 1
github.com/mhmdiamd/go-social-service/domain/event-demographics/entity.go:105.3,105.21 1 1
github.com/mhmdiamd/go-social-service/domain/event-demographics/entity.go:105.21,107.4 1 1
github.com/mhmdiamd/go-social-service/domain/event-demographics/entity.go:109.3,109.22 1 1
github.com/mhmdiamd/go-social-service/domain/event-demographics/entity.go:109.22,111.4 1 1
github.com/mhmdiamd/go-social-service/domain/event-demographics/entity.go:113.3,113.28 1 1
github.com/mhmdiamd/go-social-service/domain/event-demographics/entity.go:113.28,115.4 1 1
github.com/mhmdiamd/go-social-service/domain/event-demographics/entity.go:117.3,117.20 1 1
github.com/mhmdiamd/go-social-service/domain/event-demographics/entity.go:117.20,119.4 1 1
github.com/mhmdiamd/go-social-service/domain/event-demographics/entity.go:121.3,121.9 1 1
github.com/mhmdiamd/go-social-service/domain/event-demographics/entity.go:124.59,125.16 1 1
github.com/mhmdiamd/go-social-service/domain/event-demographics/entity.go:125.16,127.4 1 0
github.com/mhmdiamd/go-social-service/domain/event-demographics/entity.go:129.3,129.9 1 1
github.com/mhmdiamd/go-social-service/domain/event-demographics/entity.go:133.83,136.42 2 1
github.com/mhmdiamd/go-social-service/domain/event-demographics/entity.go:136.42,137.15 1 1
github.com/mhmdiamd/go-social-service/domain/event-demographics/entity.go:137.15,139.6 1 1
github.com/mhmdiamd/go-social-service/domain/event-demographics/entity.go:139.10,141.6 1 1
github.com/mhmdiamd/go-social-service/domain/event-demographics/entity.go:144.3,144.27 1 1
github.com/mhmdiamd/go-social-service/domain/event-demographics/entity.go:147.84,149.2 1 1
github.com/mhmdiamd/go-social-service/domain/event-demographics/repository.go:15.44,19.2 1 1
github.com/mhmdiamd/go-social-service/domain/event-demographics/repository.go:21.93,32.17 3 1
github.com/mhmdiamd/go-social-service/domain/event-demographics/repository.go:32.17,34.4 1 0
github.com/mhmdiamd/go-social-service/domain/event-demographics/repository.go:36.3,37.17 2 1
github.com/mhmdiamd/go-social-service/domain/event-demographics/repository.go:37.17,39.4 1 0
github.com/mhmdiamd/go-social-service/domain/event-demographics/repository.go:41.3,41.9 1 1
github.com/mhmdiamd/go-social-service/domain/event-demographics/repository.go:44.128,53.17 3 0
github.com/mhmdiamd/go-social-service/domain/event-demographics/repository.go:53.17,55.4 1 0
github.com/mhmdiamd/go-social-service/domain/event-demographics/repository.go:57.3,57.9 1 0
github.com/mhmdiamd/go-social-service/domain/event-demographics/repository.go:60.95,67.17 3 0
github.com/mhmdiamd/go-social-service/domain/event-demographics/repository.go:67.17,68.29 1 0
github.com/mhmdiamd/go-social-service/domain/event-demographics/repository.go:68.29,70.6 1 0
github.com/mhmdiamd/go-social-service/domain/event-demographics/repository.go:72.5,72.11 1 0
github.com/mhmdiamd/go-social-service/domain/event-demographics/repository.go:75.3,75.9 1 0
github.com/mhmdiamd/go-social-service/domain/event-demographics/repository.go:78.100,88.17 3 1
github.com/mhmdiamd/go-social-service/domain/event-demographics/repository.go:88.17,89.29 1 0
github.com/mhmdiamd/go-social-service/domain/event-demographics/repository.go:89.29,91.6 1 0
github.com/mhmdiamd/go-social-service/domain/event-demographics/repository.go:94.3,94.9 1 1
github.com/mhmdiamd/go-social-service/domain/event-demographics/repository.go:97.72,104.17 3 0
github.com/mhmdiamd/go-social-service/domain/event-demographics/repository.go:104.17,106.4 1 0
github.com/mhmdiamd/go-social-service/domain/event-demographics/repository.go:108.3,109.17 2 0
github.com/mhmdiamd/go-social-service/domain/event-demographics/repository.go:109.17,111.4 1 0
github.com/mhmdiamd/go-social-service/domain/event-demographics/repository.go:113.3,113.9 1 0
github.com/mhmdiamd/go-social-service/domain/event-demographics/response.go:12.105,20.2 1 1
github.com/mhmdiamd/go-social-service/domain/event-demographics/service.go:20.42,24.2 1 1
github.com/mhmdiamd/go-social-service/domain/event-demographics/service.go:26.115,32.59 2 1
github.com/mhmdiamd/go-social-service/domain/event-demographics/service.go:32.59,34.4 1 1
github.com/mhmdiamd/go-social-service/domain/event-demographics/service.go:37.3,41.17 3 1
github.com/mhmdiamd/go-social-service/domain/event-demographics/service.go:41.17,43.4 1 0
github.com/mhmdiamd/go-social-service/domain/event-demographics/service.go:45.3,45.9 1 1
github.com/mhmdiamd/go-social-service/domain/event-demographics/service.go:48.136,51.59 2 1
github.com/mhmdiamd/go-social-service/domain/event-demographics/service.go:51.59,53.4 1 1
github.com/mhmdiamd/go-social-service/domain/event-demographics/service.go:55.3,55.61 1 1
github.com/mhmdiamd/go-social-service/domain/event-demographics/service.go:55.61,57.4 1 0
github.com/mhmdiamd/go-social-service/domain/event-demographics/service.go:60.3,61.17 2 1
github.com/mhmdiamd/go-social-service/domain/event-demographics/service.go:61.17,63.4 1 0
github.com/mhmdiamd/go-social-service/domain/event-demographics/service.go:71.3,71.9 1 1
github.com/mhmdiamd/go-social-service/domain/event-demographics/service.go:74.104,77.17 2 1
github.com/mhmdiamd/go-social-service/domain/event-demographics/service.go:77.17,79.4 1 0
github.com/mhmdiamd/go-social-service/domain/event-demographics/service.go:82.3,85.9 3 1
