mode: set
github.com/mhmdiamd/go-social-service/domain/category-community/base.go:8.45,14.3 5 0
github.com/mhmdiamd/go-social-service/domain/category-community/base.go:14.3,16.4 1 0
github.com/mhmdiamd/go-social-service/domain/category-community/entity.go:15.70,21.2 1 1
github.com/mhmdiamd/go-social-service/domain/category-community/entity.go:23.58,25.41 1 1
github.com/mhmdiamd/go-social-service/domain/category-community/entity.go:25.41,27.4 1 1
github.com/mhmdiamd/go-social-service/domain/category-community/entity.go:29.3,29.9 1 1
github.com/mhmdiamd/go-social-service/domain/category-community/entity.go:32.62,33.19 1 1
github.com/mhmdiamd/go-social-service/domain/category-community/entity.go:33.19,35.4 1 1
github.com/mhmdiamd/go-social-service/domain/category-community/entity.go:37.3,37.9 1 1
github.com/mhmdiamd/go-social-service/domain/category-community/handler.go:15.38,19.2 1 0
github.com/mhmdiamd/go-social-service/domain/category-community/handler.go:21.63,25.46 2 0
github.com/mhmdiamd/go-social-service/domain/category-community/handler.go:25.46,30.4 1 0
github.com/mhmdiamd/go-social-service/domain/category-community/handler.go:32.3,33.17 2 0
github.com/mhmdiamd/go-social-service/domain/category-community/handler.go:33.17,36.12 2 0
github.com/mhmdiamd/go-social-service/domain/category-community/handler.go:36.12,38.6 1 0
github.com/mhmdiamd/go-social-service/domain/category-community/handler.go:40.5,43.16 1 0
github.com/mhmdiamd/go-social-service/domain/category-community/handler.go:47.3,50.14 1 0
github.com/mhmdiamd/go-social-service/domain/category-community/repository.go:13.44,17.2 1 1
github.com/mhmdiamd/go-social-service/domain/category-community/repository.go:19.109,32.17 3 1
github.com/mhmdiamd/go-social-service/domain/category-community/repository.go:32.17,34.4 1 0
github.com/mhmdiamd/go-social-service/domain/category-community/repository.go:36.3,38.17 2 1
github.com/mhmdiamd/go-social-service/domain/category-community/repository.go:38.17,40.4 1 0
github.com/mhmdiamd/go-social-service/domain/category-community/repository.go:42.3,44.9 2 1
github.com/mhmdiamd/go-social-service/domain/category-community/service.go:13.42,17.2 1 1
github.com/mhmdiamd/go-social-service/domain/category-community/service.go:19.115,22.42 2 1
github.com/mhmdiamd/go-social-service/domain/category-community/service.go:22.42,24.4 1 1
github.com/mhmdiamd/go-social-service/domain/category-community/service.go:26.3,26.53 1 1
