mode: set
github.com/mhmdiamd/go-social-service/domain/community_member/base.go:8.45,14.3 4 0
github.com/mhmdiamd/go-social-service/domain/community_member/base.go:14.4,15.4 0 0
github.com/mhmdiamd/go-social-service/domain/community_member/entity.go:30.100,37.2 2 0
github.com/mhmdiamd/go-social-service/domain/community_member/entity.go:58.86,67.9 3 1
github.com/mhmdiamd/go-social-service/domain/community_member/entity.go:67.9,69.4 1 0
github.com/mhmdiamd/go-social-service/domain/community_member/entity.go:71.3,71.12 1 1
github.com/mhmdiamd/go-social-service/domain/community_member/entity.go:74.92,85.9 3 0
github.com/mhmdiamd/go-social-service/domain/community_member/entity.go:85.9,87.4 1 0
github.com/mhmdiamd/go-social-service/domain/community_member/entity.go:89.3,89.12 1 0
github.com/mhmdiamd/go-social-service/domain/community_member/entity.go:92.49,94.43 1 1
github.com/mhmdiamd/go-social-service/domain/community_member/entity.go:94.43,96.4 1 1
github.com/mhmdiamd/go-social-service/domain/community_member/entity.go:98.3,98.9 1 1
github.com/mhmdiamd/go-social-service/domain/community_member/entity.go:101.55,102.27 1 1
github.com/mhmdiamd/go-social-service/domain/community_member/entity.go:102.27,104.4 1 1
github.com/mhmdiamd/go-social-service/domain/community_member/entity.go:106.3,106.9 1 1
github.com/mhmdiamd/go-social-service/domain/community_member/entity.go:109.41,111.2 1 0
github.com/mhmdiamd/go-social-service/domain/community_member/entity.go:113.41,115.2 1 0
github.com/mhmdiamd/go-social-service/domain/community_member/entity.go:117.78,128.2 1 0
github.com/mhmdiamd/go-social-service/domain/community_member/handler.go:7.38,11.2 1 0
github.com/mhmdiamd/go-social-service/domain/community_member/repository.go:15.44,19.2 1 0
github.com/mhmdiamd/go-social-service/domain/community_member/repository.go:22.73,24.2 1 0
github.com/mhmdiamd/go-social-service/domain/community_member/repository.go:26.74,28.2 1 0
github.com/mhmdiamd/go-social-service/domain/community_member/repository.go:30.76,32.2 1 0
github.com/mhmdiamd/go-social-service/domain/community_member/repository.go:34.81,44.17 3 0
github.com/mhmdiamd/go-social-service/domain/community_member/repository.go:44.17,46.4 1 0
github.com/mhmdiamd/go-social-service/domain/community_member/repository.go:48.3,49.17 2 0
github.com/mhmdiamd/go-social-service/domain/community_member/repository.go:49.17,51.4 1 0
github.com/mhmdiamd/go-social-service/domain/community_member/repository.go:53.3,55.9 2 0
github.com/mhmdiamd/go-social-service/domain/community_member/repository.go:58.81,66.17 3 0
github.com/mhmdiamd/go-social-service/domain/community_member/repository.go:66.17,68.4 1 0
github.com/mhmdiamd/go-social-service/domain/community_member/repository.go:70.3,71.17 2 0
github.com/mhmdiamd/go-social-service/domain/community_member/repository.go:71.17,73.4 1 0
github.com/mhmdiamd/go-social-service/domain/community_member/repository.go:75.3,77.9 2 0
github.com/mhmdiamd/go-social-service/domain/community_member/repository.go:80.93,87.17 3 0
github.com/mhmdiamd/go-social-service/domain/community_member/repository.go:87.17,89.4 1 0
github.com/mhmdiamd/go-social-service/domain/community_member/repository.go:91.3,91.9 1 0
github.com/mhmdiamd/go-social-service/domain/community_member/repository.go:94.108,102.17 3 0
github.com/mhmdiamd/go-social-service/domain/community_member/repository.go:102.17,104.4 1 0
github.com/mhmdiamd/go-social-service/domain/community_member/repository.go:106.3,106.9 1 0
github.com/mhmdiamd/go-social-service/domain/community_member/repository.go:109.156,119.17 3 0
github.com/mhmdiamd/go-social-service/domain/community_member/repository.go:119.17,120.29 1 0
github.com/mhmdiamd/go-social-service/domain/community_member/repository.go:120.29,122.6 1 0
github.com/mhmdiamd/go-social-service/domain/community_member/repository.go:125.3,125.9 1 0
github.com/mhmdiamd/go-social-service/domain/community_member/repository.go:128.126,136.17 3 0
github.com/mhmdiamd/go-social-service/domain/community_member/repository.go:136.17,137.29 1 0
github.com/mhmdiamd/go-social-service/domain/community_member/repository.go:137.29,139.6 1 0
github.com/mhmdiamd/go-social-service/domain/community_member/repository.go:142.3,142.9 1 0
github.com/mhmdiamd/go-social-service/domain/community_member/repository.go:145.117,153.17 3 0
github.com/mhmdiamd/go-social-service/domain/community_member/repository.go:153.17,155.4 1 0
github.com/mhmdiamd/go-social-service/domain/community_member/repository.go:157.3,157.9 1 0
github.com/mhmdiamd/go-social-service/domain/community_member/repository.go:160.110,168.17 3 0
github.com/mhmdiamd/go-social-service/domain/community_member/repository.go:168.17,169.29 1 0
github.com/mhmdiamd/go-social-service/domain/community_member/repository.go:169.29,171.6 1 0
github.com/mhmdiamd/go-social-service/domain/community_member/repository.go:174.3,174.9 1 0
github.com/mhmdiamd/go-social-service/domain/community_member/repository.go:177.85,183.17 4 0
github.com/mhmdiamd/go-social-service/domain/community_member/repository.go:183.17,184.29 1 0
github.com/mhmdiamd/go-social-service/domain/community_member/repository.go:184.29,186.6 1 0
github.com/mhmdiamd/go-social-service/domain/community_member/repository.go:189.3,189.32 1 0
github.com/mhmdiamd/go-social-service/domain/community_member/repository.go:189.32,191.4 1 0
github.com/mhmdiamd/go-social-service/domain/community_member/repository.go:193.3,193.9 1 0
github.com/mhmdiamd/go-social-service/domain/community_member/request.go:25.101,27.20 1 0
github.com/mhmdiamd/go-social-service/domain/community_member/request.go:27.20,29.4 1 0
github.com/mhmdiamd/go-social-service/domain/community_member/request.go:31.3,31.18 1 0
github.com/mhmdiamd/go-social-service/domain/community_member/request.go:31.18,33.4 1 0
github.com/mhmdiamd/go-social-service/domain/community_member/request.go:35.3,35.11 1 0
github.com/mhmdiamd/go-social-service/domain/community_member/response.go:25.47,27.2 1 0
github.com/mhmdiamd/go-social-service/domain/community_member/response.go:29.95,32.42 2 0
github.com/mhmdiamd/go-social-service/domain/community_member/response.go:32.42,38.4 3 0
github.com/mhmdiamd/go-social-service/domain/community_member/response.go:40.3,40.29 1 0
github.com/mhmdiamd/go-social-service/domain/community_member/service.go:47.42,51.2 1 0
github.com/mhmdiamd/go-social-service/domain/community_member/service.go:53.190,57.17 2 0
github.com/mhmdiamd/go-social-service/domain/community_member/service.go:57.17,59.4 1 0
github.com/mhmdiamd/go-social-service/domain/community_member/service.go:62.3,66.17 3 0
github.com/mhmdiamd/go-social-service/domain/community_member/service.go:66.17,68.4 1 0
github.com/mhmdiamd/go-social-service/domain/community_member/service.go:71.3,73.9 2 0
github.com/mhmdiamd/go-social-service/domain/community_member/service.go:76.99,79.38 2 0
github.com/mhmdiamd/go-social-service/domain/community_member/service.go:79.38,81.4 1 0
github.com/mhmdiamd/go-social-service/domain/community_member/service.go:84.3,84.69 1 0
github.com/mhmdiamd/go-social-service/domain/community_member/service.go:84.69,86.4 1 0
github.com/mhmdiamd/go-social-service/domain/community_member/service.go:88.3,88.47 1 0
github.com/mhmdiamd/go-social-service/domain/community_member/service.go:88.47,90.4 1 0
github.com/mhmdiamd/go-social-service/domain/community_member/service.go:92.3,92.9 1 0
github.com/mhmdiamd/go-social-service/domain/community_member/service.go:95.99,98.38 2 0
github.com/mhmdiamd/go-social-service/domain/community_member/service.go:98.38,100.4 1 0
github.com/mhmdiamd/go-social-service/domain/community_member/service.go:103.3,104.17 2 0
github.com/mhmdiamd/go-social-service/domain/community_member/service.go:104.17,106.4 1 0
github.com/mhmdiamd/go-social-service/domain/community_member/service.go:108.3,112.17 3 0
github.com/mhmdiamd/go-social-service/domain/community_member/service.go:112.17,114.4 1 0
github.com/mhmdiamd/go-social-service/domain/community_member/service.go:117.3,117.47 1 0
github.com/mhmdiamd/go-social-service/domain/community_member/service.go:117.47,119.4 1 0
github.com/mhmdiamd/go-social-service/domain/community_member/service.go:122.3,122.47 1 0
github.com/mhmdiamd/go-social-service/domain/community_member/service.go:122.47,124.4 1 0
github.com/mhmdiamd/go-social-service/domain/community_member/service.go:126.3,126.9 1 0
github.com/mhmdiamd/go-social-service/domain/community_member/service.go:129.103,131.19 1 0
github.com/mhmdiamd/go-social-service/domain/community_member/service.go:131.19,133.4 1 0
github.com/mhmdiamd/go-social-service/domain/community_member/service.go:135.3,136.17 2 0
github.com/mhmdiamd/go-social-service/domain/community_member/service.go:136.17,138.4 1 0
github.com/mhmdiamd/go-social-service/domain/community_member/service.go:141.3,141.45 1 0
github.com/mhmdiamd/go-social-service/domain/community_member/service.go:141.45,143.4 1 0
github.com/mhmdiamd/go-social-service/domain/community_member/service.go:146.3,147.17 2 0
github.com/mhmdiamd/go-social-service/domain/community_member/service.go:147.17,149.4 1 0
github.com/mhmdiamd/go-social-service/domain/community_member/service.go:151.3,153.51 2 0
github.com/mhmdiamd/go-social-service/domain/community_member/service.go:153.51,155.4 1 0
github.com/mhmdiamd/go-social-service/domain/community_member/service.go:157.3,157.9 1 0
github.com/mhmdiamd/go-social-service/domain/community_member/service.go:160.104,164.17 2 0
github.com/mhmdiamd/go-social-service/domain/community_member/service.go:164.17,166.4 1 0
github.com/mhmdiamd/go-social-service/domain/community_member/service.go:169.3,169.64 1 0
github.com/mhmdiamd/go-social-service/domain/community_member/service.go:169.64,171.4 1 0
github.com/mhmdiamd/go-social-service/domain/community_member/service.go:173.3,173.9 1 0
