mode: set
github.com/mhmdiamd/go-social-service/domain/community_member/base.go:8.45,14.3 4 0
github.com/mhmdiamd/go-social-service/domain/community_member/base.go:14.4,15.4 0 0
github.com/mhmdiamd/go-social-service/domain/community_member/entity.go:30.100,37.2 2 0
github.com/mhmdiamd/go-social-service/domain/community_member/entity.go:58.86,69.9 3 1
github.com/mhmdiamd/go-social-service/domain/community_member/entity.go:69.9,71.4 1 1
github.com/mhmdiamd/go-social-service/domain/community_member/entity.go:73.3,73.12 1 1
github.com/mhmdiamd/go-social-service/domain/community_member/entity.go:76.92,87.9 3 0
github.com/mhmdiamd/go-social-service/domain/community_member/entity.go:87.9,89.4 1 0
github.com/mhmdiamd/go-social-service/domain/community_member/entity.go:91.3,91.12 1 0
github.com/mhmdiamd/go-social-service/domain/community_member/entity.go:94.49,96.43 1 1
github.com/mhmdiamd/go-social-service/domain/community_member/entity.go:96.43,98.4 1 1
github.com/mhmdiamd/go-social-service/domain/community_member/entity.go:100.3,100.48 1 1
github.com/mhmdiamd/go-social-service/domain/community_member/entity.go:100.48,102.4 1 1
github.com/mhmdiamd/go-social-service/domain/community_member/entity.go:104.3,104.9 1 1
github.com/mhmdiamd/go-social-service/domain/community_member/entity.go:107.55,108.27 1 1
github.com/mhmdiamd/go-social-service/domain/community_member/entity.go:108.27,110.4 1 1
github.com/mhmdiamd/go-social-service/domain/community_member/entity.go:112.3,112.9 1 1
github.com/mhmdiamd/go-social-service/domain/community_member/entity.go:115.60,116.25 1 1
github.com/mhmdiamd/go-social-service/domain/community_member/entity.go:116.25,118.4 1 1
github.com/mhmdiamd/go-social-service/domain/community_member/entity.go:120.3,120.9 1 1
github.com/mhmdiamd/go-social-service/domain/community_member/entity.go:123.41,125.2 1 0
github.com/mhmdiamd/go-social-service/domain/community_member/entity.go:127.41,129.2 1 0
github.com/mhmdiamd/go-social-service/domain/community_member/entity.go:131.78,142.2 1 0
github.com/mhmdiamd/go-social-service/domain/community_member/handler.go:7.38,11.2 1 0
github.com/mhmdiamd/go-social-service/domain/community_member/repository.go:17.44,21.2 1 1
github.com/mhmdiamd/go-social-service/domain/community_member/repository.go:24.73,26.2 1 0
github.com/mhmdiamd/go-social-service/domain/community_member/repository.go:28.74,30.2 1 0
github.com/mhmdiamd/go-social-service/domain/community_member/repository.go:32.76,34.2 1 0
github.com/mhmdiamd/go-social-service/domain/community_member/repository.go:36.81,46.17 3 1
github.com/mhmdiamd/go-social-service/domain/community_member/repository.go:46.17,48.4 1 0
github.com/mhmdiamd/go-social-service/domain/community_member/repository.go:50.3,51.17 2 1
github.com/mhmdiamd/go-social-service/domain/community_member/repository.go:51.17,53.4 1 0
github.com/mhmdiamd/go-social-service/domain/community_member/repository.go:55.3,57.9 2 1
github.com/mhmdiamd/go-social-service/domain/community_member/repository.go:60.81,68.17 3 0
github.com/mhmdiamd/go-social-service/domain/community_member/repository.go:68.17,70.4 1 0
github.com/mhmdiamd/go-social-service/domain/community_member/repository.go:72.3,73.17 2 0
github.com/mhmdiamd/go-social-service/domain/community_member/repository.go:73.17,75.4 1 0
github.com/mhmdiamd/go-social-service/domain/community_member/repository.go:77.3,79.9 2 0
github.com/mhmdiamd/go-social-service/domain/community_member/repository.go:82.93,89.17 3 0
github.com/mhmdiamd/go-social-service/domain/community_member/repository.go:89.17,91.4 1 0
github.com/mhmdiamd/go-social-service/domain/community_member/repository.go:93.3,93.9 1 0
github.com/mhmdiamd/go-social-service/domain/community_member/repository.go:96.108,104.17 3 0
github.com/mhmdiamd/go-social-service/domain/community_member/repository.go:104.17,106.4 1 0
github.com/mhmdiamd/go-social-service/domain/community_member/repository.go:108.3,108.9 1 0
github.com/mhmdiamd/go-social-service/domain/community_member/repository.go:111.156,121.17 3 0
github.com/mhmdiamd/go-social-service/domain/community_member/repository.go:121.17,122.29 1 0
github.com/mhmdiamd/go-social-service/domain/community_member/repository.go:122.29,124.6 1 0
github.com/mhmdiamd/go-social-service/domain/community_member/repository.go:127.3,127.9 1 0
github.com/mhmdiamd/go-social-service/domain/community_member/repository.go:130.126,138.17 3 0
github.com/mhmdiamd/go-social-service/domain/community_member/repository.go:138.17,139.29 1 0
github.com/mhmdiamd/go-social-service/domain/community_member/repository.go:139.29,141.6 1 0
github.com/mhmdiamd/go-social-service/domain/community_member/repository.go:144.3,144.9 1 0
github.com/mhmdiamd/go-social-service/domain/community_member/repository.go:147.117,155.17 3 0
github.com/mhmdiamd/go-social-service/domain/community_member/repository.go:155.17,157.4 1 0
github.com/mhmdiamd/go-social-service/domain/community_member/repository.go:159.3,159.9 1 0
github.com/mhmdiamd/go-social-service/domain/community_member/repository.go:162.110,170.17 3 0
github.com/mhmdiamd/go-social-service/domain/community_member/repository.go:170.17,171.29 1 0
github.com/mhmdiamd/go-social-service/domain/community_member/repository.go:171.29,173.6 1 0
github.com/mhmdiamd/go-social-service/domain/community_member/repository.go:176.3,176.9 1 0
github.com/mhmdiamd/go-social-service/domain/community_member/repository.go:179.85,192.17 5 1
github.com/mhmdiamd/go-social-service/domain/community_member/repository.go:192.17,193.29 1 0
github.com/mhmdiamd/go-social-service/domain/community_member/repository.go:193.29,195.6 1 0
github.com/mhmdiamd/go-social-service/domain/community_member/repository.go:198.3,198.9 1 1
github.com/mhmdiamd/go-social-service/domain/community_member/request.go:26.101,28.19 1 0
github.com/mhmdiamd/go-social-service/domain/community_member/request.go:28.19,30.3 1 0
github.com/mhmdiamd/go-social-service/domain/community_member/request.go:32.2,32.17 1 0
github.com/mhmdiamd/go-social-service/domain/community_member/request.go:32.17,34.3 1 0
github.com/mhmdiamd/go-social-service/domain/community_member/request.go:36.2,36.10 1 0
github.com/mhmdiamd/go-social-service/domain/community_member/response.go:25.47,27.2 1 0
github.com/mhmdiamd/go-social-service/domain/community_member/response.go:29.95,32.42 2 0
github.com/mhmdiamd/go-social-service/domain/community_member/response.go:32.42,38.4 3 0
github.com/mhmdiamd/go-social-service/domain/community_member/response.go:40.3,40.29 1 0
github.com/mhmdiamd/go-social-service/domain/community_member/service.go:47.42,51.2 1 1
github.com/mhmdiamd/go-social-service/domain/community_member/service.go:53.190,57.17 2 0
github.com/mhmdiamd/go-social-service/domain/community_member/service.go:57.17,59.4 1 0
github.com/mhmdiamd/go-social-service/domain/community_member/service.go:62.3,66.17 3 0
github.com/mhmdiamd/go-social-service/domain/community_member/service.go:66.17,68.4 1 0
github.com/mhmdiamd/go-social-service/domain/community_member/service.go:71.3,73.9 2 0
github.com/mhmdiamd/go-social-service/domain/community_member/service.go:76.99,79.38 2 1
github.com/mhmdiamd/go-social-service/domain/community_member/service.go:79.38,81.4 1 0
github.com/mhmdiamd/go-social-service/domain/community_member/service.go:84.3,84.69 1 1
github.com/mhmdiamd/go-social-service/domain/community_member/service.go:84.69,86.4 1 0
github.com/mhmdiamd/go-social-service/domain/community_member/service.go:88.3,88.47 1 1
github.com/mhmdiamd/go-social-service/domain/community_member/service.go:88.47,90.4 1 0
github.com/mhmdiamd/go-social-service/domain/community_member/service.go:92.3,92.9 1 1
github.com/mhmdiamd/go-social-service/domain/community_member/service.go:95.99,98.38 2 0
github.com/mhmdiamd/go-social-service/domain/community_member/service.go:98.38,100.4 1 0
github.com/mhmdiamd/go-social-service/domain/community_member/service.go:103.3,104.17 2 0
github.com/mhmdiamd/go-social-service/domain/community_member/service.go:104.17,106.4 1 0
github.com/mhmdiamd/go-social-service/domain/community_member/service.go:108.3,112.17 3 0
github.com/mhmdiamd/go-social-service/domain/community_member/service.go:112.17,114.4 1 0
github.com/mhmdiamd/go-social-service/domain/community_member/service.go:117.3,117.47 1 0
github.com/mhmdiamd/go-social-service/domain/community_member/service.go:117.47,119.4 1 0
github.com/mhmdiamd/go-social-service/domain/community_member/service.go:122.3,122.47 1 0
github.com/mhmdiamd/go-social-service/domain/community_member/service.go:122.47,124.4 1 0
github.com/mhmdiamd/go-social-service/domain/community_member/service.go:126.3,126.9 1 0
github.com/mhmdiamd/go-social-service/domain/community_member/service.go:129.103,131.19 1 0
github.com/mhmdiamd/go-social-service/domain/community_member/service.go:131.19,133.4 1 0
github.com/mhmdiamd/go-social-service/domain/community_member/service.go:135.3,136.17 2 0
github.com/mhmdiamd/go-social-service/domain/community_member/service.go:136.17,138.4 1 0
github.com/mhmdiamd/go-social-service/domain/community_member/service.go:141.3,141.45 1 0
github.com/mhmdiamd/go-social-service/domain/community_member/service.go:141.45,143.4 1 0
github.com/mhmdiamd/go-social-service/domain/community_member/service.go:146.3,147.17 2 0
github.com/mhmdiamd/go-social-service/domain/community_member/service.go:147.17,149.4 1 0
github.com/mhmdiamd/go-social-service/domain/community_member/service.go:151.3,153.51 2 0
github.com/mhmdiamd/go-social-service/domain/community_member/service.go:153.51,155.4 1 0
github.com/mhmdiamd/go-social-service/domain/community_member/service.go:157.3,157.9 1 0
github.com/mhmdiamd/go-social-service/domain/community_member/service.go:160.104,164.17 2 0
github.com/mhmdiamd/go-social-service/domain/community_member/service.go:164.17,166.4 1 0
github.com/mhmdiamd/go-social-service/domain/community_member/service.go:169.3,169.64 1 0
github.com/mhmdiamd/go-social-service/domain/community_member/service.go:169.64,171.4 1 0
github.com/mhmdiamd/go-social-service/domain/community_member/service.go:173.3,173.9 1 0
