mode: set
github.com/mhmdiamd/go-social-service/domain/event/entity.go:21.62,33.26 2 1
github.com/mhmdiamd/go-social-service/domain/event/entity.go:33.26,35.4 1 1
github.com/mhmdiamd/go-social-service/domain/event/entity.go:37.3,37.16 1 1
github.com/mhmdiamd/go-social-service/domain/event/entity.go:40.62,49.2 1 1
github.com/mhmdiamd/go-social-service/domain/event/entity.go:51.39,53.41 1 1
github.com/mhmdiamd/go-social-service/domain/event/entity.go:53.41,55.4 1 1
github.com/mhmdiamd/go-social-service/domain/event/entity.go:57.3,57.48 1 1
github.com/mhmdiamd/go-social-service/domain/event/entity.go:57.48,59.4 1 1
github.com/mhmdiamd/go-social-service/domain/event/entity.go:61.3,61.44 1 1
github.com/mhmdiamd/go-social-service/domain/event/entity.go:61.44,63.4 1 1
github.com/mhmdiamd/go-social-service/domain/event/entity.go:65.3,65.41 1 1
github.com/mhmdiamd/go-social-service/domain/event/entity.go:65.41,67.4 1 1
github.com/mhmdiamd/go-social-service/domain/event/entity.go:69.3,69.9 1 1
github.com/mhmdiamd/go-social-service/domain/event/entity.go:72.43,73.19 1 1
github.com/mhmdiamd/go-social-service/domain/event/entity.go:73.19,75.4 1 1
github.com/mhmdiamd/go-social-service/domain/event/entity.go:77.3,77.9 1 1
github.com/mhmdiamd/go-social-service/domain/event/entity.go:80.50,81.26 1 1
github.com/mhmdiamd/go-social-service/domain/event/entity.go:81.26,83.4 1 1
github.com/mhmdiamd/go-social-service/domain/event/entity.go:85.3,85.9 1 1
github.com/mhmdiamd/go-social-service/domain/event/entity.go:88.46,89.22 1 1
github.com/mhmdiamd/go-social-service/domain/event/entity.go:89.22,91.4 1 1
github.com/mhmdiamd/go-social-service/domain/event/entity.go:93.3,93.9 1 1
github.com/mhmdiamd/go-social-service/domain/event/entity.go:96.43,98.27 1 1
github.com/mhmdiamd/go-social-service/domain/event/entity.go:98.27,100.4 1 1
github.com/mhmdiamd/go-social-service/domain/event/entity.go:102.3,102.25 1 1
github.com/mhmdiamd/go-social-service/domain/event/entity.go:102.25,104.4 1 1
github.com/mhmdiamd/go-social-service/domain/event/entity.go:106.3,106.35 1 1
github.com/mhmdiamd/go-social-service/domain/event/entity.go:106.35,108.4 1 1
github.com/mhmdiamd/go-social-service/domain/event/entity.go:110.3,110.9 1 1
