mode: set
github.com/mhmdiamd/go-social-service/domain/event/entity.go:29.62,41.25 2 1
github.com/mhmdiamd/go-social-service/domain/event/entity.go:41.25,43.3 1 1
github.com/mhmdiamd/go-social-service/domain/event/entity.go:45.2,45.15 1 1
github.com/mhmdiamd/go-social-service/domain/event/entity.go:48.62,61.2 2 1
github.com/mhmdiamd/go-social-service/domain/event/entity.go:63.39,65.40 1 1
github.com/mhmdiamd/go-social-service/domain/event/entity.go:65.40,67.3 1 1
github.com/mhmdiamd/go-social-service/domain/event/entity.go:69.2,69.40 1 1
github.com/mhmdiamd/go-social-service/domain/event/entity.go:69.40,71.3 1 1
github.com/mhmdiamd/go-social-service/domain/event/entity.go:73.2,73.8 1 1
github.com/mhmdiamd/go-social-service/domain/event/entity.go:76.43,77.18 1 1
github.com/mhmdiamd/go-social-service/domain/event/entity.go:77.18,79.3 1 1
github.com/mhmdiamd/go-social-service/domain/event/entity.go:81.2,81.8 1 1
github.com/mhmdiamd/go-social-service/domain/event/entity.go:84.43,86.26 1 1
github.com/mhmdiamd/go-social-service/domain/event/entity.go:86.26,88.3 1 1
github.com/mhmdiamd/go-social-service/domain/event/entity.go:90.2,90.24 1 1
github.com/mhmdiamd/go-social-service/domain/event/entity.go:90.24,92.3 1 1
github.com/mhmdiamd/go-social-service/domain/event/entity.go:94.2,94.34 1 1
github.com/mhmdiamd/go-social-service/domain/event/entity.go:94.34,96.3 1 1
github.com/mhmdiamd/go-social-service/domain/event/entity.go:98.2,98.8 1 1
github.com/mhmdiamd/go-social-service/domain/event/entity.go:101.71,103.2 1 0
github.com/mhmdiamd/go-social-service/domain/event/entity.go:105.76,107.17 2 1
github.com/mhmdiamd/go-social-service/domain/event/entity.go:107.17,109.4 1 0
github.com/mhmdiamd/go-social-service/domain/event/entity.go:111.3,113.9 2 1
github.com/mhmdiamd/go-social-service/domain/event/entity.go:116.56,129.2 1 1
github.com/mhmdiamd/go-social-service/domain/event/entity_commite.go:27.83,36.24 2 1
github.com/mhmdiamd/go-social-service/domain/event/entity_commite.go:36.24,38.3 1 1
github.com/mhmdiamd/go-social-service/domain/event/entity_commite.go:40.2,40.11 1 1
github.com/mhmdiamd/go-social-service/domain/event/entity_commite.go:43.48,45.49 1 1
github.com/mhmdiamd/go-social-service/domain/event/entity_commite.go:45.49,47.3 1 1
github.com/mhmdiamd/go-social-service/domain/event/entity_commite.go:49.2,49.50 1 1
github.com/mhmdiamd/go-social-service/domain/event/entity_commite.go:49.50,51.3 1 1
github.com/mhmdiamd/go-social-service/domain/event/entity_commite.go:53.2,53.8 1 1
github.com/mhmdiamd/go-social-service/domain/event/entity_commite.go:56.60,58.27 1 1
github.com/mhmdiamd/go-social-service/domain/event/entity_commite.go:58.27,60.3 1 1
github.com/mhmdiamd/go-social-service/domain/event/entity_commite.go:62.2,62.8 1 1
github.com/mhmdiamd/go-social-service/domain/event/entity_commite.go:65.61,66.28 1 1
github.com/mhmdiamd/go-social-service/domain/event/entity_commite.go:66.28,68.3 1 1
github.com/mhmdiamd/go-social-service/domain/event/entity_commite.go:70.2,70.8 1 1
github.com/mhmdiamd/go-social-service/domain/event/entity_commite.go:73.41,75.2 1 0
github.com/mhmdiamd/go-social-service/domain/event/entity_commite.go:77.91,89.2 1 0
github.com/mhmdiamd/go-social-service/domain/event/entity_event_demographics.go:14.47,15.16 1 0
github.com/mhmdiamd/go-social-service/domain/event/entity_event_demographics.go:15.16,17.3 1 0
github.com/mhmdiamd/go-social-service/domain/event/entity_event_demographics.go:19.2,19.12 1 0
github.com/mhmdiamd/go-social-service/domain/event/repository.go:15.44,19.2 1 1
github.com/mhmdiamd/go-social-service/domain/event/repository.go:21.73,23.2 1 1
github.com/mhmdiamd/go-social-service/domain/event/repository.go:25.74,27.2 1 1
github.com/mhmdiamd/go-social-service/domain/event/repository.go:29.76,31.2 1 1
github.com/mhmdiamd/go-social-service/domain/event/repository.go:33.87,41.16 3 1
github.com/mhmdiamd/go-social-service/domain/event/repository.go:41.16,43.3 1 0
github.com/mhmdiamd/go-social-service/domain/event/repository.go:45.2,46.16 2 1
github.com/mhmdiamd/go-social-service/domain/event/repository.go:46.16,48.3 1 0
github.com/mhmdiamd/go-social-service/domain/event/repository.go:50.2,52.8 2 1
github.com/mhmdiamd/go-social-service/domain/event/repository.go:55.91,64.16 3 1
github.com/mhmdiamd/go-social-service/domain/event/repository.go:64.16,66.3 1 0
github.com/mhmdiamd/go-social-service/domain/event/repository.go:68.2,69.16 2 1
github.com/mhmdiamd/go-social-service/domain/event/repository.go:69.16,71.3 1 0
github.com/mhmdiamd/go-social-service/domain/event/repository.go:73.2,75.8 2 1
github.com/mhmdiamd/go-social-service/domain/event/repository.go:78.83,82.16 3 1
github.com/mhmdiamd/go-social-service/domain/event/repository.go:82.16,84.3 1 0
github.com/mhmdiamd/go-social-service/domain/event/repository.go:86.2,86.8 1 1
github.com/mhmdiamd/go-social-service/domain/event/repository.go:89.99,114.16 3 1
github.com/mhmdiamd/go-social-service/domain/event/repository.go:114.16,115.27 1 1
github.com/mhmdiamd/go-social-service/domain/event/repository.go:115.27,117.4 1 1
github.com/mhmdiamd/go-social-service/domain/event/repository.go:120.2,120.8 1 1
github.com/mhmdiamd/go-social-service/domain/event/repository.go:123.127,150.16 3 1
github.com/mhmdiamd/go-social-service/domain/event/repository.go:150.16,152.3 1 0
github.com/mhmdiamd/go-social-service/domain/event/repository.go:154.2,154.8 1 1
github.com/mhmdiamd/go-social-service/domain/event/repository.go:157.126,167.17 3 1
github.com/mhmdiamd/go-social-service/domain/event/repository.go:167.17,168.29 1 0
github.com/mhmdiamd/go-social-service/domain/event/repository.go:168.29,170.6 1 0
github.com/mhmdiamd/go-social-service/domain/event/repository.go:173.3,173.9 1 1
github.com/mhmdiamd/go-social-service/domain/event/repository.go:176.103,187.16 3 1
github.com/mhmdiamd/go-social-service/domain/event/repository.go:187.16,189.3 1 0
github.com/mhmdiamd/go-social-service/domain/event/repository.go:191.2,192.16 2 1
github.com/mhmdiamd/go-social-service/domain/event/repository.go:192.16,194.3 1 0
github.com/mhmdiamd/go-social-service/domain/event/repository.go:196.2,198.8 2 1
github.com/mhmdiamd/go-social-service/domain/event/request.go:40.81,41.19 1 1
github.com/mhmdiamd/go-social-service/domain/event/request.go:41.19,43.3 1 0
github.com/mhmdiamd/go-social-service/domain/event/request.go:45.2,45.17 1 1
github.com/mhmdiamd/go-social-service/domain/event/request.go:45.17,47.3 1 0
github.com/mhmdiamd/go-social-service/domain/event/request.go:49.2,49.10 1 1
github.com/mhmdiamd/go-social-service/domain/event/response.go:33.65,37.27 2 1
github.com/mhmdiamd/go-social-service/domain/event/response.go:37.27,40.3 2 1
github.com/mhmdiamd/go-social-service/domain/event/response.go:42.2,42.11 1 1
github.com/mhmdiamd/go-social-service/domain/event/service.go:45.39,49.2 1 1
github.com/mhmdiamd/go-social-service/domain/event/service.go:51.126,55.16 3 1
github.com/mhmdiamd/go-social-service/domain/event/service.go:55.16,58.3 2 0
github.com/mhmdiamd/go-social-service/domain/event/service.go:60.2,60.50 1 1
github.com/mhmdiamd/go-social-service/domain/event/service.go:63.103,65.16 2 1
github.com/mhmdiamd/go-social-service/domain/event/service.go:65.16,68.3 2 1
github.com/mhmdiamd/go-social-service/domain/event/service.go:70.2,70.8 1 1
github.com/mhmdiamd/go-social-service/domain/event/service.go:73.90,77.40 2 1
github.com/mhmdiamd/go-social-service/domain/event/service.go:77.40,79.3 1 1
github.com/mhmdiamd/go-social-service/domain/event/service.go:81.2,83.16 2 1
github.com/mhmdiamd/go-social-service/domain/event/service.go:83.16,86.3 2 0
github.com/mhmdiamd/go-social-service/domain/event/service.go:89.3,90.17 2 1
github.com/mhmdiamd/go-social-service/domain/event/service.go:90.17,93.4 2 0
github.com/mhmdiamd/go-social-service/domain/event/service.go:96.3,99.53 2 1
github.com/mhmdiamd/go-social-service/domain/event/service.go:99.53,102.3 2 0
github.com/mhmdiamd/go-social-service/domain/event/service.go:104.2,113.70 4 1
github.com/mhmdiamd/go-social-service/domain/event/service.go:113.70,116.3 2 0
github.com/mhmdiamd/go-social-service/domain/event/service.go:118.2,118.46 1 1
github.com/mhmdiamd/go-social-service/domain/event/service.go:118.46,121.3 2 0
github.com/mhmdiamd/go-social-service/domain/event/service.go:123.2,124.8 2 1
github.com/mhmdiamd/go-social-service/domain/event/service.go:127.94,132.44 2 1
github.com/mhmdiamd/go-social-service/domain/event/service.go:132.44,134.4 1 1
github.com/mhmdiamd/go-social-service/domain/event/service.go:136.2,137.16 2 1
github.com/mhmdiamd/go-social-service/domain/event/service.go:137.16,140.3 2 0
github.com/mhmdiamd/go-social-service/domain/event/service.go:143.3,144.16 2 1
github.com/mhmdiamd/go-social-service/domain/event/service.go:144.16,147.3 2 0
github.com/mhmdiamd/go-social-service/domain/event/service.go:149.3,150.17 2 1
github.com/mhmdiamd/go-social-service/domain/event/service.go:150.17,153.4 2 0
github.com/mhmdiamd/go-social-service/domain/event/service.go:156.3,159.60 2 1
github.com/mhmdiamd/go-social-service/domain/event/service.go:159.60,162.3 2 0
github.com/mhmdiamd/go-social-service/domain/event/service.go:165.2,165.46 1 1
github.com/mhmdiamd/go-social-service/domain/event/service.go:165.46,168.3 2 0
github.com/mhmdiamd/go-social-service/domain/event/service.go:170.2,171.8 2 1
github.com/mhmdiamd/go-social-service/domain/event/service.go:174.85,178.16 2 1
github.com/mhmdiamd/go-social-service/domain/event/service.go:178.16,181.3 2 1
github.com/mhmdiamd/go-social-service/domain/event/service.go:184.2,184.61 1 1
github.com/mhmdiamd/go-social-service/domain/event/service.go:184.61,187.3 2 0
github.com/mhmdiamd/go-social-service/domain/event/service.go:189.2,189.8 1 1
