mode: set
github.com/mhmdiamd/go-social-service/domain/community/base.go:10.44,13.17 2 0
github.com/mhmdiamd/go-social-service/domain/community/base.go:13.17,14.15 1 0
github.com/mhmdiamd/go-social-service/domain/community/base.go:17.3,25.3 6 0
github.com/mhmdiamd/go-social-service/domain/community/base.go:25.3,36.4 6 0
github.com/mhmdiamd/go-social-service/domain/community/entity.go:29.74,38.37 2 1
github.com/mhmdiamd/go-social-service/domain/community/entity.go:38.37,40.3 1 1
github.com/mhmdiamd/go-social-service/domain/community/entity.go:42.2,42.15 1 1
github.com/mhmdiamd/go-social-service/domain/community/entity.go:45.74,57.21 2 1
github.com/mhmdiamd/go-social-service/domain/community/entity.go:57.21,59.3 1 1
github.com/mhmdiamd/go-social-service/domain/community/entity.go:61.2,61.15 1 1
github.com/mhmdiamd/go-social-service/domain/community/entity.go:64.106,71.2 2 1
github.com/mhmdiamd/go-social-service/domain/community/entity.go:73.43,75.40 1 1
github.com/mhmdiamd/go-social-service/domain/community/entity.go:75.40,77.3 1 1
github.com/mhmdiamd/go-social-service/domain/community/entity.go:79.2,79.44 1 1
github.com/mhmdiamd/go-social-service/domain/community/entity.go:79.44,81.3 1 1
github.com/mhmdiamd/go-social-service/domain/community/entity.go:83.2,83.8 1 1
github.com/mhmdiamd/go-social-service/domain/community/entity.go:86.47,88.18 1 1
github.com/mhmdiamd/go-social-service/domain/community/entity.go:88.18,90.3 1 1
github.com/mhmdiamd/go-social-service/domain/community/entity.go:92.2,92.8 1 1
github.com/mhmdiamd/go-social-service/domain/community/entity.go:95.51,96.32 1 1
github.com/mhmdiamd/go-social-service/domain/community/entity.go:96.32,98.112 2 1
github.com/mhmdiamd/go-social-service/domain/community/entity.go:98.112,100.4 1 1
github.com/mhmdiamd/go-social-service/domain/community/entity.go:103.2,103.8 1 1
github.com/mhmdiamd/go-social-service/domain/community/entity.go:106.84,108.46 2 1
github.com/mhmdiamd/go-social-service/domain/community/entity.go:108.46,109.13 1 1
github.com/mhmdiamd/go-social-service/domain/community/entity.go:109.13,111.4 1 1
github.com/mhmdiamd/go-social-service/domain/community/entity.go:111.9,113.4 1 0
github.com/mhmdiamd/go-social-service/domain/community/entity.go:116.2,116.34 1 1
github.com/mhmdiamd/go-social-service/domain/community/entity.go:119.40,121.2 1 1
github.com/mhmdiamd/go-social-service/domain/community/entity.go:123.68,134.2 2 1
github.com/mhmdiamd/go-social-service/domain/community/entity.go:136.66,148.2 2 1
github.com/mhmdiamd/go-social-service/domain/community/entity_community_members.go:43.94,53.20 2 1
github.com/mhmdiamd/go-social-service/domain/community/entity_community_members.go:53.20,55.3 1 1
github.com/mhmdiamd/go-social-service/domain/community/entity_community_members.go:57.2,57.15 1 1
github.com/mhmdiamd/go-social-service/domain/community/entity_community_members.go:60.49,62.47 1 1
github.com/mhmdiamd/go-social-service/domain/community/entity_community_members.go:62.47,64.3 1 1
github.com/mhmdiamd/go-social-service/domain/community/entity_community_members.go:66.2,66.8 1 1
github.com/mhmdiamd/go-social-service/domain/community/entity_community_members.go:69.60,71.24 1 1
github.com/mhmdiamd/go-social-service/domain/community/entity_community_members.go:71.24,73.3 1 1
github.com/mhmdiamd/go-social-service/domain/community/entity_community_members.go:75.2,75.8 1 1
github.com/mhmdiamd/go-social-service/domain/community/handler.go:18.38,22.2 1 0
github.com/mhmdiamd/go-social-service/domain/community/handler.go:24.47,28.46 2 0
github.com/mhmdiamd/go-social-service/domain/community/handler.go:28.46,33.3 1 0
github.com/mhmdiamd/go-social-service/domain/community/handler.go:35.2,36.16 2 0
github.com/mhmdiamd/go-social-service/domain/community/handler.go:36.16,40.10 3 0
github.com/mhmdiamd/go-social-service/domain/community/handler.go:40.10,42.4 1 0
github.com/mhmdiamd/go-social-service/domain/community/handler.go:44.3,47.14 1 0
github.com/mhmdiamd/go-social-service/domain/community/handler.go:50.2,57.13 1 0
github.com/mhmdiamd/go-social-service/domain/community/handler.go:60.48,64.16 2 0
github.com/mhmdiamd/go-social-service/domain/community/handler.go:64.16,71.3 2 0
github.com/mhmdiamd/go-social-service/domain/community/handler.go:73.2,74.16 2 0
github.com/mhmdiamd/go-social-service/domain/community/handler.go:74.16,79.10 3 0
github.com/mhmdiamd/go-social-service/domain/community/handler.go:79.10,81.4 1 0
github.com/mhmdiamd/go-social-service/domain/community/handler.go:83.3,86.14 1 0
github.com/mhmdiamd/go-social-service/domain/community/handler.go:89.2,95.13 1 0
github.com/mhmdiamd/go-social-service/domain/community/handler.go:98.47,106.54 3 0
github.com/mhmdiamd/go-social-service/domain/community/handler.go:106.54,111.3 1 0
github.com/mhmdiamd/go-social-service/domain/community/handler.go:113.2,114.16 2 0
github.com/mhmdiamd/go-social-service/domain/community/handler.go:114.16,117.10 2 0
github.com/mhmdiamd/go-social-service/domain/community/handler.go:117.10,119.4 1 0
github.com/mhmdiamd/go-social-service/domain/community/handler.go:121.3,124.14 1 0
github.com/mhmdiamd/go-social-service/domain/community/handler.go:127.2,130.13 1 0
github.com/mhmdiamd/go-social-service/domain/community/handler.go:133.51,156.16 11 0
github.com/mhmdiamd/go-social-service/domain/community/handler.go:156.16,159.10 2 0
github.com/mhmdiamd/go-social-service/domain/community/handler.go:159.10,161.4 1 0
github.com/mhmdiamd/go-social-service/domain/community/handler.go:163.3,166.14 1 0
github.com/mhmdiamd/go-social-service/domain/community/handler.go:169.2,172.13 1 0
github.com/mhmdiamd/go-social-service/domain/community/handler.go:175.51,179.16 2 0
github.com/mhmdiamd/go-social-service/domain/community/handler.go:179.16,184.3 1 0
github.com/mhmdiamd/go-social-service/domain/community/handler.go:186.2,187.16 2 0
github.com/mhmdiamd/go-social-service/domain/community/handler.go:187.16,190.10 2 0
github.com/mhmdiamd/go-social-service/domain/community/handler.go:190.10,192.4 1 0
github.com/mhmdiamd/go-social-service/domain/community/handler.go:194.3,197.14 1 0
github.com/mhmdiamd/go-social-service/domain/community/handler.go:200.2,203.13 1 0
github.com/mhmdiamd/go-social-service/domain/community/repository.go:16.44,20.2 1 1
github.com/mhmdiamd/go-social-service/domain/community/repository.go:22.73,25.2 2 1
github.com/mhmdiamd/go-social-service/domain/community/repository.go:27.74,29.2 1 1
github.com/mhmdiamd/go-social-service/domain/community/repository.go:31.76,33.2 1 0
github.com/mhmdiamd/go-social-service/domain/community/repository.go:35.87,49.51 5 1
github.com/mhmdiamd/go-social-service/domain/community/repository.go:49.51,51.4 1 0
github.com/mhmdiamd/go-social-service/domain/community/repository.go:53.3,57.9 3 1
github.com/mhmdiamd/go-social-service/domain/community/repository.go:60.82,75.17 3 1
github.com/mhmdiamd/go-social-service/domain/community/repository.go:75.17,77.4 1 0
github.com/mhmdiamd/go-social-service/domain/community/repository.go:79.3,82.17 3 1
github.com/mhmdiamd/go-social-service/domain/community/repository.go:82.17,84.4 1 0
github.com/mhmdiamd/go-social-service/domain/community/repository.go:86.3,86.9 1 1
github.com/mhmdiamd/go-social-service/domain/community/repository.go:89.73,93.17 3 0
github.com/mhmdiamd/go-social-service/domain/community/repository.go:93.17,95.4 1 0
github.com/mhmdiamd/go-social-service/domain/community/repository.go:97.3,97.9 1 0
github.com/mhmdiamd/go-social-service/domain/community/repository.go:100.106,104.17 3 0
github.com/mhmdiamd/go-social-service/domain/community/repository.go:104.17,106.4 1 0
github.com/mhmdiamd/go-social-service/domain/community/repository.go:108.3,108.9 1 0
github.com/mhmdiamd/go-social-service/domain/community/repository.go:111.127,122.17 3 1
github.com/mhmdiamd/go-social-service/domain/community/repository.go:122.17,123.30 1 0
github.com/mhmdiamd/go-social-service/domain/community/repository.go:123.30,125.6 1 0
github.com/mhmdiamd/go-social-service/domain/community/repository.go:127.5,127.11 1 0
github.com/mhmdiamd/go-social-service/domain/community/repository.go:130.3,130.9 1 1
github.com/mhmdiamd/go-social-service/domain/community/repository.go:133.87,137.17 3 1
github.com/mhmdiamd/go-social-service/domain/community/repository.go:137.17,138.29 1 1
github.com/mhmdiamd/go-social-service/domain/community/repository.go:138.29,140.6 1 1
github.com/mhmdiamd/go-social-service/domain/community/repository.go:143.3,143.9 1 1
github.com/mhmdiamd/go-social-service/domain/community/repository.go:147.117,150.2 1 0
github.com/mhmdiamd/go-social-service/domain/community/repository.go:152.178,161.17 3 0
github.com/mhmdiamd/go-social-service/domain/community/repository.go:161.17,162.29 1 0
github.com/mhmdiamd/go-social-service/domain/community/repository.go:162.29,164.6 1 0
github.com/mhmdiamd/go-social-service/domain/community/repository.go:167.3,167.9 1 0
github.com/mhmdiamd/go-social-service/domain/community/repository.go:170.143,180.17 3 0
github.com/mhmdiamd/go-social-service/domain/community/repository.go:180.17,181.29 1 0
github.com/mhmdiamd/go-social-service/domain/community/repository.go:181.29,183.6 1 0
github.com/mhmdiamd/go-social-service/domain/community/repository.go:186.3,186.9 1 0
github.com/mhmdiamd/go-social-service/domain/community/repository.go:189.100,199.17 3 1
github.com/mhmdiamd/go-social-service/domain/community/repository.go:199.17,201.4 1 0
github.com/mhmdiamd/go-social-service/domain/community/repository.go:203.3,204.17 2 1
github.com/mhmdiamd/go-social-service/domain/community/repository.go:204.17,206.4 1 0
github.com/mhmdiamd/go-social-service/domain/community/repository.go:208.3,210.9 2 1
github.com/mhmdiamd/go-social-service/domain/community/request.go:40.89,42.18 1 1
github.com/mhmdiamd/go-social-service/domain/community/request.go:42.18,44.3 1 0
github.com/mhmdiamd/go-social-service/domain/community/request.go:46.2,46.17 1 1
github.com/mhmdiamd/go-social-service/domain/community/request.go:46.17,48.3 1 1
github.com/mhmdiamd/go-social-service/domain/community/request.go:50.2,50.10 1 1
github.com/mhmdiamd/go-social-service/domain/community/response.go:26.90,29.41 2 1
github.com/mhmdiamd/go-social-service/domain/community/response.go:29.41,31.4 1 1
github.com/mhmdiamd/go-social-service/domain/community/response.go:33.3,33.23 1 1
github.com/mhmdiamd/go-social-service/domain/community/service.go:44.66,49.2 1 1
github.com/mhmdiamd/go-social-service/domain/community/service.go:51.102,56.50 2 1
github.com/mhmdiamd/go-social-service/domain/community/service.go:56.50,58.3 1 0
github.com/mhmdiamd/go-social-service/domain/community/service.go:61.2,62.16 2 1
github.com/mhmdiamd/go-social-service/domain/community/service.go:62.16,64.3 1 0
github.com/mhmdiamd/go-social-service/domain/community/service.go:67.2,71.16 3 1
github.com/mhmdiamd/go-social-service/domain/community/service.go:71.16,73.3 1 0
github.com/mhmdiamd/go-social-service/domain/community/service.go:75.2,85.80 4 1
github.com/mhmdiamd/go-social-service/domain/community/service.go:85.80,87.3 1 0
github.com/mhmdiamd/go-social-service/domain/community/service.go:90.2,90.46 1 1
github.com/mhmdiamd/go-social-service/domain/community/service.go:90.46,92.3 1 0
github.com/mhmdiamd/go-social-service/domain/community/service.go:94.2,94.8 1 1
github.com/mhmdiamd/go-social-service/domain/community/service.go:97.121,102.41 2 1
github.com/mhmdiamd/go-social-service/domain/community/service.go:102.41,104.3 1 0
github.com/mhmdiamd/go-social-service/domain/community/service.go:107.2,108.16 2 1
github.com/mhmdiamd/go-social-service/domain/community/service.go:108.16,110.3 1 0
github.com/mhmdiamd/go-social-service/domain/community/service.go:112.2,112.30 1 1
github.com/mhmdiamd/go-social-service/domain/community/service.go:112.30,115.22 1 0
github.com/mhmdiamd/go-social-service/domain/community/service.go:115.22,117.18 2 0
github.com/mhmdiamd/go-social-service/domain/community/service.go:117.18,119.5 1 0
github.com/mhmdiamd/go-social-service/domain/community/service.go:122.3,126.17 4 0
github.com/mhmdiamd/go-social-service/domain/community/service.go:126.17,128.4 1 0
github.com/mhmdiamd/go-social-service/domain/community/service.go:130.8,132.22 1 1
github.com/mhmdiamd/go-social-service/domain/community/service.go:132.22,134.18 2 0
github.com/mhmdiamd/go-social-service/domain/community/service.go:134.18,136.5 1 0
github.com/mhmdiamd/go-social-service/domain/community/service.go:138.4,139.33 2 0
github.com/mhmdiamd/go-social-service/domain/community/service.go:142.3,143.17 2 1
github.com/mhmdiamd/go-social-service/domain/community/service.go:143.17,145.4 1 0
github.com/mhmdiamd/go-social-service/domain/community/service.go:148.2,148.8 1 1
github.com/mhmdiamd/go-social-service/domain/community/service.go:151.70,155.16 2 1
github.com/mhmdiamd/go-social-service/domain/community/service.go:155.16,157.3 1 1
github.com/mhmdiamd/go-social-service/domain/community/service.go:160.2,161.16 2 0
github.com/mhmdiamd/go-social-service/domain/community/service.go:161.16,163.3 1 0
github.com/mhmdiamd/go-social-service/domain/community/service.go:165.2,169.16 3 0
github.com/mhmdiamd/go-social-service/domain/community/service.go:169.16,171.3 1 0
github.com/mhmdiamd/go-social-service/domain/community/service.go:174.2,175.16 2 0
github.com/mhmdiamd/go-social-service/domain/community/service.go:175.16,177.3 1 0
github.com/mhmdiamd/go-social-service/domain/community/service.go:179.2,179.35 1 0
github.com/mhmdiamd/go-social-service/domain/community/service.go:179.35,181.3 1 0
github.com/mhmdiamd/go-social-service/domain/community/service.go:183.2,183.8 1 0
github.com/mhmdiamd/go-social-service/domain/community/service.go:186.111,190.16 3 1
github.com/mhmdiamd/go-social-service/domain/community/service.go:190.16,192.3 1 0
github.com/mhmdiamd/go-social-service/domain/community/service.go:195.2,196.35 2 1
github.com/mhmdiamd/go-social-service/domain/community/service.go:199.105,203.16 3 1
github.com/mhmdiamd/go-social-service/domain/community/service.go:203.16,205.3 1 1
github.com/mhmdiamd/go-social-service/domain/community/service.go:207.2,207.8 1 1
